25-04-23 17:28:09.706 [background-preinit] INFO  o.h.validator.internal.util.Version [ |  | ] - HV000001: Hibernate Validator 8.0.2.Final
25-04-23 17:28:09.782 [main] INFO  c.s.p.s.Sb01MonewTeam6Application [ |  | ] - Starting Sb01MonewTeam6Application v0.0.1 using Java 17.0.13 with PID 37644 (C:\Users\min\IdeaProjects\sb01-monew-team6\build\classes\java\main started by min in C:\Users\min\IdeaProjects\sb01-monew-team6)
25-04-23 17:28:09.783 [main] INFO  c.s.p.s.Sb01MonewTeam6Application [ |  | ] - The following 1 profile is active: "dev"
25-04-23 17:28:11.218 [main] INFO  o.s.d.r.c.RepositoryConfigurationDelegate [ |  | ] - Multiple Spring Data modules found, entering strict repository configuration mode
25-04-23 17:28:11.221 [main] INFO  o.s.d.r.c.RepositoryConfigurationDelegate [ |  | ] - Bootstrapping Spring Data JPA repositories in DEFAULT mode.
25-04-23 17:28:11.257 [main] INFO  o.s.d.r.c.RepositoryConfigurationDelegate [ |  | ] - Finished Spring Data repository scanning in 25 ms. Found 0 JPA repository interfaces.
25-04-23 17:28:11.266 [main] INFO  o.s.d.r.c.RepositoryConfigurationDelegate [ |  | ] - Multiple Spring Data modules found, entering strict repository configuration mode
25-04-23 17:28:11.267 [main] INFO  o.s.d.r.c.RepositoryConfigurationDelegate [ |  | ] - Bootstrapping Spring Data MongoDB repositories in DEFAULT mode.
25-04-23 17:28:11.275 [main] INFO  o.s.d.r.c.RepositoryConfigurationDelegate [ |  | ] - Finished Spring Data repository scanning in 7 ms. Found 0 MongoDB repository interfaces.
25-04-23 17:28:12.158 [main] INFO  o.s.b.w.e.tomcat.TomcatWebServer [ |  | ] - Tomcat initialized with port 8080 (http)
25-04-23 17:28:12.175 [main] INFO  o.a.coyote.http11.Http11NioProtocol [ |  | ] - Initializing ProtocolHandler ["http-nio-8080"]
25-04-23 17:28:12.177 [main] INFO  o.a.catalina.core.StandardService [ |  | ] - Starting service [Tomcat]
25-04-23 17:28:12.177 [main] INFO  o.a.catalina.core.StandardEngine [ |  | ] - Starting Servlet engine: [Apache Tomcat/10.1.39]
25-04-23 17:28:12.298 [main] INFO  o.a.c.c.C.[Tomcat].[localhost].[/] [ |  | ] - Initializing Spring embedded WebApplicationContext
25-04-23 17:28:12.299 [main] INFO  o.s.b.w.s.c.ServletWebServerApplicationContext [ |  | ] - Root WebApplicationContext: initialization completed in 2470 ms
25-04-23 17:28:12.633 [main] INFO  com.zaxxer.hikari.HikariDataSource [ |  | ] - HikariPool-1 - Starting...
25-04-23 17:28:13.017 [main] INFO  com.zaxxer.hikari.pool.HikariPool [ |  | ] - HikariPool-1 - Added connection org.postgresql.jdbc.PgConnection@3593e074
25-04-23 17:28:13.019 [main] INFO  com.zaxxer.hikari.HikariDataSource [ |  | ] - HikariPool-1 - Start completed.
25-04-23 17:28:13.143 [main] INFO  o.h.jpa.internal.util.LogHelper [ |  | ] - HHH000204: Processing PersistenceUnitInfo [name: default]
25-04-23 17:28:13.245 [main] INFO  org.hibernate.Version [ |  | ] - HHH000412: Hibernate ORM core version 6.6.11.Final
25-04-23 17:28:13.299 [main] INFO  o.h.c.i.RegionFactoryInitiator [ |  | ] - HHH000026: Second-level cache disabled
25-04-23 17:28:13.756 [main] INFO  o.s.o.j.p.SpringPersistenceUnitInfo [ |  | ] - No LoadTimeWeaver setup: ignoring JPA class transformer
25-04-23 17:28:13.915 [main] INFO  o.hibernate.orm.connections.pooling [ |  | ] - HHH10001005: Database info:
	Database JDBC URL [Connecting through datasource 'p6SpyDataSourceDecorator [com.p6spy.engine.spy.P6DataSource] -> dataSource [com.zaxxer.hikari.HikariDataSource]']
	Database driver: undefined/unknown
	Database version: 14.15
	Autocommit mode: undefined/unknown
	Isolation level: undefined/unknown
	Minimum pool size: undefined/unknown
	Maximum pool size: undefined/unknown
25-04-23 17:28:14.419 [main] INFO  o.h.e.t.j.p.i.JtaPlatformInitiator [ |  | ] - HHH000489: No JTA platform available (set 'hibernate.transaction.jta.platform' to enable JTA platform integration)
25-04-23 17:28:14.427 [main] INFO  o.s.o.j.LocalContainerEntityManagerFactoryBean [ |  | ] - Initialized JPA EntityManagerFactory for persistence unit 'default'
25-04-23 17:28:15.503 [cluster-ClusterId{value='6808a49f50b1e97cd6441826', description='null'}-localhost:27017] INFO  org.mongodb.driver.cluster [ |  | ] - Exception in monitor thread while connecting to server localhost:27017
com.mongodb.MongoSocketOpenException: Exception opening socket
	at com.mongodb.internal.connection.SocketStream.lambda$open$0(SocketStream.java:85)
	at java.base/java.util.Optional.orElseThrow(Optional.java:403)
	at com.mongodb.internal.connection.SocketStream.open(SocketStream.java:85)
	at com.mongodb.internal.connection.InternalStreamConnection.open(InternalStreamConnection.java:233)
	at com.mongodb.internal.connection.DefaultServerMonitor$ServerMonitor.lookupServerDescription(DefaultServerMonitor.java:219)
	at com.mongodb.internal.connection.DefaultServerMonitor$ServerMonitor.run(DefaultServerMonitor.java:176)
Caused by: java.net.ConnectException: Connection refused: no further information
	at java.base/sun.nio.ch.Net.pollConnect(Native Method)
	at java.base/sun.nio.ch.Net.pollConnectNow(Net.java:672)
	at java.base/sun.nio.ch.NioSocketImpl.timedFinishConnect(NioSocketImpl.java:547)
	at java.base/sun.nio.ch.NioSocketImpl.connect(NioSocketImpl.java:602)
	at java.base/java.net.SocksSocketImpl.connect(SocksSocketImpl.java:327)
	at java.base/java.net.Socket.connect(Socket.java:633)
	at com.mongodb.internal.connection.SocketStreamHelper.initialize(SocketStreamHelper.java:76)
	at com.mongodb.internal.connection.SocketStream.initializeSocket(SocketStream.java:104)
	at com.mongodb.internal.connection.SocketStream.open(SocketStream.java:79)
	... 3 common frames omitted
25-04-23 17:28:15.517 [main] INFO  org.mongodb.driver.client [ |  | ] - MongoClient with metadata {"driver": {"name": "mongo-java-driver|sync|spring-boot", "version": "5.2.1"}, "os": {"type": "Windows", "name": "Windows 10", "architecture": "amd64", "version": "10.0"}, "platform": "Java/Oracle Corporation/17.0.13+10-LTS-268"} created with settings MongoClientSettings{readPreference=primary, writeConcern=WriteConcern{w=null, wTimeout=null ms, journal=null}, retryWrites=true, retryReads=true, readConcern=ReadConcern{level=null}, credential=null, transportSettings=null, commandListeners=[io.micrometer.core.instrument.binder.mongodb.MongoMetricsCommandListener@5c438795], codecRegistry=ProvidersCodecRegistry{codecProviders=[ValueCodecProvider{}, BsonValueCodecProvider{}, DBRefCodecProvider{}, DBObjectCodecProvider{}, DocumentCodecProvider{}, CollectionCodecProvider{}, IterableCodecProvider{}, MapCodecProvider{}, GeoJsonCodecProvider{}, GridFSFileCodecProvider{}, Jsr310CodecProvider{}, JsonObjectCodecProvider{}, BsonCodecProvider{}, EnumCodecProvider{}, com.mongodb.client.model.mql.ExpressionCodecProvider@6c8f5262, com.mongodb.Jep395RecordCodecProvider@6bca6c4c, com.mongodb.KotlinCodecProvider@7de2c19c]}, loggerSettings=LoggerSettings{maxDocumentLength=1000}, clusterSettings={hosts=[localhost:27017], srvServiceName=mongodb, mode=SINGLE, requiredClusterType=UNKNOWN, requiredReplicaSetName='null', serverSelector='null', clusterListeners='[]', serverSelectionTimeout='30000 ms', localThreshold='15 ms'}, socketSettings=SocketSettings{connectTimeoutMS=10000, readTimeoutMS=0, receiveBufferSize=0, proxySettings=ProxySettings{host=null, port=null, username=null, password=null}}, heartbeatSocketSettings=SocketSettings{connectTimeoutMS=10000, readTimeoutMS=10000, receiveBufferSize=0, proxySettings=ProxySettings{host=null, port=null, username=null, password=null}}, connectionPoolSettings=ConnectionPoolSettings{maxSize=100, minSize=0, maxWaitTimeMS=120000, maxConnectionLifeTimeMS=0, maxConnectionIdleTimeMS=0, maintenanceInitialDelayMS=0, maintenanceFrequencyMS=60000, connectionPoolListeners=[io.micrometer.core.instrument.binder.mongodb.MongoMetricsConnectionPoolListener@735dc133], maxConnecting=2}, serverSettings=ServerSettings{heartbeatFrequencyMS=10000, minHeartbeatFrequencyMS=500, serverMonitoringMode=AUTO, serverListeners='[]', serverMonitorListeners='[]'}, sslSettings=SslSettings{enabled=false, invalidHostNameAllowed=false, context=null}, applicationName='null', compressorList=[], uuidRepresentation=JAVA_LEGACY, serverApi=null, autoEncryptionSettings=null, dnsClient=null, inetAddressResolver=null, contextProvider=null, timeoutMS=null}
25-04-23 17:28:16.376 [main] INFO  o.s.b.a.e.web.EndpointLinksResolver [ |  | ] - Exposing 1 endpoint beneath base path '/actuator'
25-04-23 17:28:16.464 [main] INFO  o.a.coyote.http11.Http11NioProtocol [ |  | ] - Starting ProtocolHandler ["http-nio-8080"]
25-04-23 17:28:16.488 [main] INFO  o.s.b.w.e.tomcat.TomcatWebServer [ |  | ] - Tomcat started on port 8080 (http) with context path '/'
25-04-23 17:28:16.508 [main] INFO  c.s.p.s.Sb01MonewTeam6Application [ |  | ] - Started Sb01MonewTeam6Application in 7.593 seconds (process running for 8.526)
25-04-23 17:28:16.517 [main] INFO  o.s.b.a.b.JobLauncherApplicationRunner [ |  | ] - Running default command line with: []
25-04-23 17:28:16.788 [RMI TCP Connection(1)-192.168.124.100] INFO  o.a.c.c.C.[Tomcat].[localhost].[/] [ |  | ] - Initializing Spring DispatcherServlet 'dispatcherServlet'
25-04-23 17:28:16.789 [RMI TCP Connection(1)-192.168.124.100] INFO  o.s.web.servlet.DispatcherServlet [ |  | ] - Initializing Servlet 'dispatcherServlet'
25-04-23 17:28:16.790 [RMI TCP Connection(1)-192.168.124.100] INFO  o.s.web.servlet.DispatcherServlet [ |  | ] - Completed initialization in 1 ms
25-04-23 17:28:16.847 [RMI TCP Connection(4)-192.168.124.100] INFO  org.mongodb.driver.cluster [ |  | ] - Waiting for server to become available for operation with ID 3. Remaining time: 29992 ms. Selector: ReadPreferenceServerSelector{readPreference=primary}, topology description: {type=UNKNOWN, servers=[{address=localhost:27017, type=UNKNOWN, state=CONNECTING, exception={com.mongodb.MongoSocketOpenException: Exception opening socket}, caused by {java.net.ConnectException: Connection refused: no further information}}].
25-04-23 17:28:46.840 [RMI TCP Connection(4)-192.168.124.100] WARN  o.s.b.a.d.mongo.MongoHealthIndicator [ |  | ] - MongoDB health check failed
org.springframework.dao.DataAccessResourceFailureException: Timed out while waiting for a server that matches ReadPreferenceServerSelector{readPreference=primary}. Client view of cluster state is {type=UNKNOWN, servers=[{address=localhost:27017, type=UNKNOWN, state=CONNECTING, exception={com.mongodb.MongoSocketOpenException: Exception opening socket}, caused by {java.net.ConnectException: Connection refused: no further information}}]
	at org.springframework.data.mongodb.core.MongoExceptionTranslator.doTranslateException(MongoExceptionTranslator.java:97)
	at org.springframework.data.mongodb.core.MongoExceptionTranslator.translateExceptionIfPossible(MongoExceptionTranslator.java:74)
	at org.springframework.data.mongodb.core.MongoTemplate.potentiallyConvertRuntimeException(MongoTemplate.java:3017)
	at org.springframework.data.mongodb.core.MongoTemplate.execute(MongoTemplate.java:584)
	at org.springframework.data.mongodb.core.MongoTemplate.executeCommand(MongoTemplate.java:516)
	at org.springframework.boot.actuate.data.mongo.MongoHealthIndicator.doHealthCheck(MongoHealthIndicator.java:46)
	at org.springframework.boot.actuate.health.AbstractHealthIndicator.health(AbstractHealthIndicator.java:82)
	at org.springframework.boot.actuate.health.HealthIndicator.getHealth(HealthIndicator.java:37)
	at org.springframework.boot.actuate.health.HealthEndpoint.getHealth(HealthEndpoint.java:82)
	at org.springframework.boot.actuate.health.HealthEndpoint.getHealth(HealthEndpoint.java:41)
	at org.springframework.boot.actuate.health.HealthEndpointSupport.getLoggedHealth(HealthEndpointSupport.java:172)
	at org.springframework.boot.actuate.health.HealthEndpointSupport.getContribution(HealthEndpointSupport.java:145)
	at org.springframework.boot.actuate.health.HealthEndpointSupport.getAggregateContribution(HealthEndpointSupport.java:156)
	at org.springframework.boot.actuate.health.HealthEndpointSupport.getContribution(HealthEndpointSupport.java:141)
	at org.springframework.boot.actuate.health.HealthEndpointSupport.getHealth(HealthEndpointSupport.java:110)
	at org.springframework.boot.actuate.health.HealthEndpointSupport.getHealth(HealthEndpointSupport.java:81)
	at org.springframework.boot.actuate.health.HealthEndpoint.health(HealthEndpoint.java:76)
	at org.springframework.boot.actuate.health.HealthEndpoint.health(HealthEndpoint.java:66)
	at java.base/jdk.internal.reflect.NativeMethodAccessorImpl.invoke0(Native Method)
	at java.base/jdk.internal.reflect.NativeMethodAccessorImpl.invoke(NativeMethodAccessorImpl.java:77)
	at java.base/jdk.internal.reflect.DelegatingMethodAccessorImpl.invoke(DelegatingMethodAccessorImpl.java:43)
	at java.base/java.lang.reflect.Method.invoke(Method.java:568)
	at org.springframework.util.ReflectionUtils.invokeMethod(ReflectionUtils.java:281)
	at org.springframework.boot.actuate.endpoint.invoke.reflect.ReflectiveOperationInvoker.invoke(ReflectiveOperationInvoker.java:74)
	at org.springframework.boot.actuate.endpoint.annotation.AbstractDiscoveredOperation.invoke(AbstractDiscoveredOperation.java:60)
	at org.springframework.boot.actuate.endpoint.jmx.EndpointMBean.invoke(EndpointMBean.java:124)
	at org.springframework.boot.actuate.endpoint.jmx.EndpointMBean.invoke(EndpointMBean.java:97)
	at java.management/com.sun.jmx.interceptor.DefaultMBeanServerInterceptor.invoke(DefaultMBeanServerInterceptor.java:814)
	at java.management/com.sun.jmx.mbeanserver.JmxMBeanServer.invoke(JmxMBeanServer.java:802)
	at java.management.rmi/javax.management.remote.rmi.RMIConnectionImpl.doOperation(RMIConnectionImpl.java:1472)
	at java.management.rmi/javax.management.remote.rmi.RMIConnectionImpl$PrivilegedOperation.run(RMIConnectionImpl.java:1310)
	at java.management.rmi/javax.management.remote.rmi.RMIConnectionImpl.doPrivilegedOperation(RMIConnectionImpl.java:1405)
	at java.management.rmi/javax.management.remote.rmi.RMIConnectionImpl.invoke(RMIConnectionImpl.java:829)
	at java.base/jdk.internal.reflect.GeneratedMethodAccessor29.invoke(Unknown Source)
	at java.base/jdk.internal.reflect.DelegatingMethodAccessorImpl.invoke(DelegatingMethodAccessorImpl.java:43)
	at java.base/java.lang.reflect.Method.invoke(Method.java:568)
	at java.rmi/sun.rmi.server.UnicastServerRef.dispatch(UnicastServerRef.java:360)
	at java.rmi/sun.rmi.transport.Transport$1.run(Transport.java:200)
	at java.rmi/sun.rmi.transport.Transport$1.run(Transport.java:197)
	at java.base/java.security.AccessController.doPrivileged(AccessController.java:712)
	at java.rmi/sun.rmi.transport.Transport.serviceCall(Transport.java:196)
	at java.rmi/sun.rmi.transport.tcp.TCPTransport.handleMessages(TCPTransport.java:587)
	at java.rmi/sun.rmi.transport.tcp.TCPTransport$ConnectionHandler.run0(TCPTransport.java:828)
	at java.rmi/sun.rmi.transport.tcp.TCPTransport$ConnectionHandler.lambda$run$0(TCPTransport.java:705)
	at java.base/java.security.AccessController.doPrivileged(AccessController.java:399)
	at java.rmi/sun.rmi.transport.tcp.TCPTransport$ConnectionHandler.run(TCPTransport.java:704)
	at java.base/java.util.concurrent.ThreadPoolExecutor.runWorker(ThreadPoolExecutor.java:1136)
	at java.base/java.util.concurrent.ThreadPoolExecutor$Worker.run(ThreadPoolExecutor.java:635)
	at java.base/java.lang.Thread.run(Thread.java:842)
Caused by: com.mongodb.MongoTimeoutException: Timed out while waiting for a server that matches ReadPreferenceServerSelector{readPreference=primary}. Client view of cluster state is {type=UNKNOWN, servers=[{address=localhost:27017, type=UNKNOWN, state=CONNECTING, exception={com.mongodb.MongoSocketOpenException: Exception opening socket}, caused by {java.net.ConnectException: Connection refused: no further information}}]
	at com.mongodb.internal.connection.BaseCluster.logAndThrowTimeoutException(BaseCluster.java:427)
	at com.mongodb.internal.connection.BaseCluster.lambda$selectServer$0(BaseCluster.java:154)
	at com.mongodb.internal.time.Timeout.lambda$onExistsAndExpired$16(Timeout.java:236)
	at com.mongodb.internal.time.Timeout.lambda$run$10(Timeout.java:201)
	at com.mongodb.internal.time.TimePoint.checkedCall(TimePoint.java:98)
	at com.mongodb.internal.time.Timeout.call(Timeout.java:174)
	at com.mongodb.internal.time.Timeout.run(Timeout.java:194)
	at com.mongodb.internal.time.Timeout.onExistsAndExpired(Timeout.java:233)
	at com.mongodb.internal.time.Timeout.onExpired(Timeout.java:226)
	at com.mongodb.internal.connection.BaseCluster.selectServer(BaseCluster.java:153)
	at com.mongodb.internal.connection.SingleServerCluster.selectServer(SingleServerCluster.java:47)
	at com.mongodb.internal.binding.ClusterBinding.getReadConnectionSource(ClusterBinding.java:82)
	at com.mongodb.client.internal.ClientSessionBinding.getConnectionSource(ClientSessionBinding.java:108)
	at com.mongodb.client.internal.ClientSessionBinding.getReadConnectionSource(ClientSessionBinding.java:88)
	at com.mongodb.internal.operation.SyncOperationHelper.withSuppliedResource(SyncOperationHelper.java:148)
	at com.mongodb.internal.operation.SyncOperationHelper.withSourceAndConnection(SyncOperationHelper.java:129)
	at com.mongodb.internal.operation.SyncOperationHelper.lambda$executeRetryableRead$4(SyncOperationHelper.java:195)
	at com.mongodb.internal.operation.SyncOperationHelper.lambda$decorateReadWithRetries$13(SyncOperationHelper.java:317)
	at com.mongodb.internal.async.function.RetryingSyncSupplier.get(RetryingSyncSupplier.java:67)
	at com.mongodb.internal.operation.SyncOperationHelper.executeRetryableRead(SyncOperationHelper.java:201)
	at com.mongodb.internal.operation.SyncOperationHelper.executeRetryableRead(SyncOperationHelper.java:180)
	at com.mongodb.internal.operation.CommandReadOperation.execute(CommandReadOperation.java:52)
	at com.mongodb.client.internal.MongoClusterImpl$OperationExecutorImpl.execute(MongoClusterImpl.java:358)
	at com.mongodb.client.internal.MongoDatabaseImpl.executeCommand(MongoDatabaseImpl.java:215)
	at com.mongodb.client.internal.MongoDatabaseImpl.runCommand(MongoDatabaseImpl.java:184)
	at com.mongodb.client.internal.MongoDatabaseImpl.runCommand(MongoDatabaseImpl.java:179)
	at org.springframework.data.mongodb.core.MongoTemplate.lambda$executeCommand$3(MongoTemplate.java:516)
	at org.springframework.data.mongodb.core.MongoTemplate.execute(MongoTemplate.java:582)
	... 45 common frames omitted
25-04-23 17:28:46.844 [RMI TCP Connection(4)-192.168.124.100] WARN  o.s.b.a.health.HealthEndpointSupport [ |  | ] - Health contributor org.springframework.boot.actuate.data.mongo.MongoHealthIndicator (mongo) took 30043ms to respond
25-04-23 17:33:52.012 [SpringApplicationShutdownHook] INFO  o.s.b.w.e.tomcat.GracefulShutdown [ |  | ] - Commencing graceful shutdown. Waiting for active requests to complete
25-04-23 17:33:52.196 [tomcat-shutdown] INFO  o.s.b.w.e.tomcat.GracefulShutdown [ |  | ] - Graceful shutdown complete
25-04-23 17:33:52.206 [SpringApplicationShutdownHook] INFO  o.s.o.j.LocalContainerEntityManagerFactoryBean [ |  | ] - Closing JPA EntityManagerFactory for persistence unit 'default'
25-04-23 17:33:52.209 [SpringApplicationShutdownHook] INFO  com.zaxxer.hikari.HikariDataSource [ |  | ] - HikariPool-1 - Shutdown initiated...
25-04-23 17:33:52.212 [SpringApplicationShutdownHook] INFO  com.zaxxer.hikari.HikariDataSource [ |  | ] - HikariPool-1 - Shutdown completed.
25-04-23 17:33:57.454 [background-preinit] INFO  o.h.validator.internal.util.Version [ |  | ] - HV000001: Hibernate Validator 8.0.2.Final
25-04-23 17:33:57.516 [main] INFO  c.s.p.s.Sb01MonewTeam6Application [ |  | ] - Starting Sb01MonewTeam6Application v0.0.1 using Java 17.0.13 with PID 39084 (C:\Users\min\IdeaProjects\sb01-monew-team6\build\classes\java\main started by min in C:\Users\min\IdeaProjects\sb01-monew-team6)
25-04-23 17:33:57.516 [main] INFO  c.s.p.s.Sb01MonewTeam6Application [ |  | ] - The following 1 profile is active: "dev"
25-04-23 17:33:58.716 [main] INFO  o.s.d.r.c.RepositoryConfigurationDelegate [ |  | ] - Multiple Spring Data modules found, entering strict repository configuration mode
25-04-23 17:33:58.718 [main] INFO  o.s.d.r.c.RepositoryConfigurationDelegate [ |  | ] - Bootstrapping Spring Data JPA repositories in DEFAULT mode.
25-04-23 17:33:58.749 [main] INFO  o.s.d.r.c.RepositoryConfigurationDelegate [ |  | ] - Finished Spring Data repository scanning in 21 ms. Found 0 JPA repository interfaces.
25-04-23 17:33:58.756 [main] INFO  o.s.d.r.c.RepositoryConfigurationDelegate [ |  | ] - Multiple Spring Data modules found, entering strict repository configuration mode
25-04-23 17:33:58.756 [main] INFO  o.s.d.r.c.RepositoryConfigurationDelegate [ |  | ] - Bootstrapping Spring Data MongoDB repositories in DEFAULT mode.
25-04-23 17:33:58.765 [main] INFO  o.s.d.r.c.RepositoryConfigurationDelegate [ |  | ] - Finished Spring Data repository scanning in 7 ms. Found 0 MongoDB repository interfaces.
25-04-23 17:33:59.478 [main] INFO  o.s.b.w.e.tomcat.TomcatWebServer [ |  | ] - Tomcat initialized with port 8080 (http)
25-04-23 17:33:59.490 [main] INFO  o.a.coyote.http11.Http11NioProtocol [ |  | ] - Initializing ProtocolHandler ["http-nio-8080"]
25-04-23 17:33:59.492 [main] INFO  o.a.catalina.core.StandardService [ |  | ] - Starting service [Tomcat]
25-04-23 17:33:59.492 [main] INFO  o.a.catalina.core.StandardEngine [ |  | ] - Starting Servlet engine: [Apache Tomcat/10.1.39]
25-04-23 17:33:59.595 [main] INFO  o.a.c.c.C.[Tomcat].[localhost].[/] [ |  | ] - Initializing Spring embedded WebApplicationContext
25-04-23 17:33:59.595 [main] INFO  o.s.b.w.s.c.ServletWebServerApplicationContext [ |  | ] - Root WebApplicationContext: initialization completed in 2033 ms
25-04-23 17:33:59.870 [main] INFO  com.zaxxer.hikari.HikariDataSource [ |  | ] - HikariPool-1 - Starting...
25-04-23 17:34:00.206 [main] INFO  com.zaxxer.hikari.pool.HikariPool [ |  | ] - HikariPool-1 - Added connection org.postgresql.jdbc.PgConnection@4c000cc4
25-04-23 17:34:00.208 [main] INFO  com.zaxxer.hikari.HikariDataSource [ |  | ] - HikariPool-1 - Start completed.
25-04-23 17:34:00.309 [main] INFO  o.h.jpa.internal.util.LogHelper [ |  | ] - HHH000204: Processing PersistenceUnitInfo [name: default]
25-04-23 17:34:00.386 [main] INFO  org.hibernate.Version [ |  | ] - HHH000412: Hibernate ORM core version 6.6.11.Final
25-04-23 17:34:00.432 [main] INFO  o.h.c.i.RegionFactoryInitiator [ |  | ] - HHH000026: Second-level cache disabled
25-04-23 17:34:00.813 [main] INFO  o.s.o.j.p.SpringPersistenceUnitInfo [ |  | ] - No LoadTimeWeaver setup: ignoring JPA class transformer
25-04-23 17:34:00.949 [main] INFO  o.hibernate.orm.connections.pooling [ |  | ] - HHH10001005: Database info:
	Database JDBC URL [Connecting through datasource 'p6SpyDataSourceDecorator [com.p6spy.engine.spy.P6DataSource] -> dataSource [com.zaxxer.hikari.HikariDataSource]']
	Database driver: undefined/unknown
	Database version: 14.15
	Autocommit mode: undefined/unknown
	Isolation level: undefined/unknown
	Minimum pool size: undefined/unknown
	Maximum pool size: undefined/unknown
25-04-23 17:34:01.966 [main] INFO  o.h.e.t.j.p.i.JtaPlatformInitiator [ |  | ] - HHH000489: No JTA platform available (set 'hibernate.transaction.jta.platform' to enable JTA platform integration)
25-04-23 17:34:02.021 [main] INFO  p6spy [ |  | ] - #1745397242021 | took 18ms | statement | connection 3| url jdbc:postgresql://team6-postgres-db.cfcysk0igi3y.ap-northeast-2.rds.amazonaws.com:5432/monewdb
select * from information_schema.sequences
select * from information_schema.sequences;
25-04-23 17:34:02.066 [main] DEBUG org.hibernate.SQL [ |  | ] - 
    create table member (
        id bigint generated by default as identity,
        username varchar(255),
        primary key (id)
    )
25-04-23 17:34:02.105 [main] INFO  p6spy [ |  | ] - #1745397242105 | took 38ms | statement | connection 3| url jdbc:postgresql://team6-postgres-db.cfcysk0igi3y.ap-northeast-2.rds.amazonaws.com:5432/monewdb

    create table member (
        id bigint generated by default as identity,
        username varchar(255),
        primary key (id)
    )

    create table member (
        id bigint generated by default as identity,
        username varchar(255),
        primary key (id)
    );
25-04-23 17:34:02.107 [main] INFO  o.s.o.j.LocalContainerEntityManagerFactoryBean [ |  | ] - Initialized JPA EntityManagerFactory for persistence unit 'default'
25-04-23 17:34:03.030 [cluster-ClusterId{value='6808a5fab3e1fe0ca17664b8', description='null'}-localhost:27017] INFO  org.mongodb.driver.cluster [ |  | ] - Exception in monitor thread while connecting to server localhost:27017
com.mongodb.MongoSocketOpenException: Exception opening socket
	at com.mongodb.internal.connection.SocketStream.lambda$open$0(SocketStream.java:85)
	at java.base/java.util.Optional.orElseThrow(Optional.java:403)
	at com.mongodb.internal.connection.SocketStream.open(SocketStream.java:85)
	at com.mongodb.internal.connection.InternalStreamConnection.open(InternalStreamConnection.java:233)
	at com.mongodb.internal.connection.DefaultServerMonitor$ServerMonitor.lookupServerDescription(DefaultServerMonitor.java:219)
	at com.mongodb.internal.connection.DefaultServerMonitor$ServerMonitor.run(DefaultServerMonitor.java:176)
Caused by: java.net.ConnectException: Connection refused: no further information
	at java.base/sun.nio.ch.Net.pollConnect(Native Method)
	at java.base/sun.nio.ch.Net.pollConnectNow(Net.java:672)
	at java.base/sun.nio.ch.NioSocketImpl.timedFinishConnect(NioSocketImpl.java:547)
	at java.base/sun.nio.ch.NioSocketImpl.connect(NioSocketImpl.java:602)
	at java.base/java.net.SocksSocketImpl.connect(SocksSocketImpl.java:327)
	at java.base/java.net.Socket.connect(Socket.java:633)
	at com.mongodb.internal.connection.SocketStreamHelper.initialize(SocketStreamHelper.java:76)
	at com.mongodb.internal.connection.SocketStream.initializeSocket(SocketStream.java:104)
	at com.mongodb.internal.connection.SocketStream.open(SocketStream.java:79)
	... 3 common frames omitted
25-04-23 17:34:03.042 [main] INFO  org.mongodb.driver.client [ |  | ] - MongoClient with metadata {"driver": {"name": "mongo-java-driver|sync|spring-boot", "version": "5.2.1"}, "os": {"type": "Windows", "name": "Windows 10", "architecture": "amd64", "version": "10.0"}, "platform": "Java/Oracle Corporation/17.0.13+10-LTS-268"} created with settings MongoClientSettings{readPreference=primary, writeConcern=WriteConcern{w=null, wTimeout=null ms, journal=null}, retryWrites=true, retryReads=true, readConcern=ReadConcern{level=null}, credential=null, transportSettings=null, commandListeners=[io.micrometer.core.instrument.binder.mongodb.MongoMetricsCommandListener@1c619a77], codecRegistry=ProvidersCodecRegistry{codecProviders=[ValueCodecProvider{}, BsonValueCodecProvider{}, DBRefCodecProvider{}, DBObjectCodecProvider{}, DocumentCodecProvider{}, CollectionCodecProvider{}, IterableCodecProvider{}, MapCodecProvider{}, GeoJsonCodecProvider{}, GridFSFileCodecProvider{}, Jsr310CodecProvider{}, JsonObjectCodecProvider{}, BsonCodecProvider{}, EnumCodecProvider{}, com.mongodb.client.model.mql.ExpressionCodecProvider@766534b0, com.mongodb.Jep395RecordCodecProvider@4f1cb802, com.mongodb.KotlinCodecProvider@1077a7]}, loggerSettings=LoggerSettings{maxDocumentLength=1000}, clusterSettings={hosts=[localhost:27017], srvServiceName=mongodb, mode=SINGLE, requiredClusterType=UNKNOWN, requiredReplicaSetName='null', serverSelector='null', clusterListeners='[]', serverSelectionTimeout='30000 ms', localThreshold='15 ms'}, socketSettings=SocketSettings{connectTimeoutMS=10000, readTimeoutMS=0, receiveBufferSize=0, proxySettings=ProxySettings{host=null, port=null, username=null, password=null}}, heartbeatSocketSettings=SocketSettings{connectTimeoutMS=10000, readTimeoutMS=10000, receiveBufferSize=0, proxySettings=ProxySettings{host=null, port=null, username=null, password=null}}, connectionPoolSettings=ConnectionPoolSettings{maxSize=100, minSize=0, maxWaitTimeMS=120000, maxConnectionLifeTimeMS=0, maxConnectionIdleTimeMS=0, maintenanceInitialDelayMS=0, maintenanceFrequencyMS=60000, connectionPoolListeners=[io.micrometer.core.instrument.binder.mongodb.MongoMetricsConnectionPoolListener@708f4d81], maxConnecting=2}, serverSettings=ServerSettings{heartbeatFrequencyMS=10000, minHeartbeatFrequencyMS=500, serverMonitoringMode=AUTO, serverListeners='[]', serverMonitorListeners='[]'}, sslSettings=SslSettings{enabled=false, invalidHostNameAllowed=false, context=null}, applicationName='null', compressorList=[], uuidRepresentation=JAVA_LEGACY, serverApi=null, autoEncryptionSettings=null, dnsClient=null, inetAddressResolver=null, contextProvider=null, timeoutMS=null}
25-04-23 17:34:03.649 [main] INFO  o.s.b.a.e.web.EndpointLinksResolver [ |  | ] - Exposing 1 endpoint beneath base path '/actuator'
25-04-23 17:34:03.704 [main] INFO  o.a.coyote.http11.Http11NioProtocol [ |  | ] - Starting ProtocolHandler ["http-nio-8080"]
25-04-23 17:34:03.722 [main] INFO  o.s.b.w.e.tomcat.TomcatWebServer [ |  | ] - Tomcat started on port 8080 (http) with context path '/'
25-04-23 17:34:03.735 [main] INFO  c.s.p.s.Sb01MonewTeam6Application [ |  | ] - Started Sb01MonewTeam6Application in 7.07 seconds (process running for 7.714)
25-04-23 17:34:03.740 [main] INFO  o.s.b.a.b.JobLauncherApplicationRunner [ |  | ] - Running default command line with: []
25-04-23 17:34:04.304 [RMI TCP Connection(2)-192.168.124.100] INFO  o.a.c.c.C.[Tomcat].[localhost].[/] [ |  | ] - Initializing Spring DispatcherServlet 'dispatcherServlet'
25-04-23 17:34:04.304 [RMI TCP Connection(2)-192.168.124.100] INFO  o.s.web.servlet.DispatcherServlet [ |  | ] - Initializing Servlet 'dispatcherServlet'
25-04-23 17:34:04.306 [RMI TCP Connection(2)-192.168.124.100] INFO  o.s.web.servlet.DispatcherServlet [ |  | ] - Completed initialization in 1 ms
25-04-23 17:34:04.365 [RMI TCP Connection(4)-192.168.124.100] INFO  org.mongodb.driver.cluster [ |  | ] - Waiting for server to become available for operation with ID 3. Remaining time: 29993 ms. Selector: ReadPreferenceServerSelector{readPreference=primary}, topology description: {type=UNKNOWN, servers=[{address=localhost:27017, type=UNKNOWN, state=CONNECTING, exception={com.mongodb.MongoSocketOpenException: Exception opening socket}, caused by {java.net.ConnectException: Connection refused: no further information}}].
25-04-23 17:34:34.358 [RMI TCP Connection(4)-192.168.124.100] WARN  o.s.b.a.d.mongo.MongoHealthIndicator [ |  | ] - MongoDB health check failed
org.springframework.dao.DataAccessResourceFailureException: Timed out while waiting for a server that matches ReadPreferenceServerSelector{readPreference=primary}. Client view of cluster state is {type=UNKNOWN, servers=[{address=localhost:27017, type=UNKNOWN, state=CONNECTING, exception={com.mongodb.MongoSocketOpenException: Exception opening socket}, caused by {java.net.ConnectException: Connection refused: no further information}}]
	at org.springframework.data.mongodb.core.MongoExceptionTranslator.doTranslateException(MongoExceptionTranslator.java:97)
	at org.springframework.data.mongodb.core.MongoExceptionTranslator.translateExceptionIfPossible(MongoExceptionTranslator.java:74)
	at org.springframework.data.mongodb.core.MongoTemplate.potentiallyConvertRuntimeException(MongoTemplate.java:3017)
	at org.springframework.data.mongodb.core.MongoTemplate.execute(MongoTemplate.java:584)
	at org.springframework.data.mongodb.core.MongoTemplate.executeCommand(MongoTemplate.java:516)
	at org.springframework.boot.actuate.data.mongo.MongoHealthIndicator.doHealthCheck(MongoHealthIndicator.java:46)
	at org.springframework.boot.actuate.health.AbstractHealthIndicator.health(AbstractHealthIndicator.java:82)
	at org.springframework.boot.actuate.health.HealthIndicator.getHealth(HealthIndicator.java:37)
	at org.springframework.boot.actuate.health.HealthEndpoint.getHealth(HealthEndpoint.java:82)
	at org.springframework.boot.actuate.health.HealthEndpoint.getHealth(HealthEndpoint.java:41)
	at org.springframework.boot.actuate.health.HealthEndpointSupport.getLoggedHealth(HealthEndpointSupport.java:172)
	at org.springframework.boot.actuate.health.HealthEndpointSupport.getContribution(HealthEndpointSupport.java:145)
	at org.springframework.boot.actuate.health.HealthEndpointSupport.getAggregateContribution(HealthEndpointSupport.java:156)
	at org.springframework.boot.actuate.health.HealthEndpointSupport.getContribution(HealthEndpointSupport.java:141)
	at org.springframework.boot.actuate.health.HealthEndpointSupport.getHealth(HealthEndpointSupport.java:110)
	at org.springframework.boot.actuate.health.HealthEndpointSupport.getHealth(HealthEndpointSupport.java:81)
	at org.springframework.boot.actuate.health.HealthEndpoint.health(HealthEndpoint.java:76)
	at org.springframework.boot.actuate.health.HealthEndpoint.health(HealthEndpoint.java:66)
	at java.base/jdk.internal.reflect.NativeMethodAccessorImpl.invoke0(Native Method)
	at java.base/jdk.internal.reflect.NativeMethodAccessorImpl.invoke(NativeMethodAccessorImpl.java:77)
	at java.base/jdk.internal.reflect.DelegatingMethodAccessorImpl.invoke(DelegatingMethodAccessorImpl.java:43)
	at java.base/java.lang.reflect.Method.invoke(Method.java:568)
	at org.springframework.util.ReflectionUtils.invokeMethod(ReflectionUtils.java:281)
	at org.springframework.boot.actuate.endpoint.invoke.reflect.ReflectiveOperationInvoker.invoke(ReflectiveOperationInvoker.java:74)
	at org.springframework.boot.actuate.endpoint.annotation.AbstractDiscoveredOperation.invoke(AbstractDiscoveredOperation.java:60)
	at org.springframework.boot.actuate.endpoint.jmx.EndpointMBean.invoke(EndpointMBean.java:124)
	at org.springframework.boot.actuate.endpoint.jmx.EndpointMBean.invoke(EndpointMBean.java:97)
	at java.management/com.sun.jmx.interceptor.DefaultMBeanServerInterceptor.invoke(DefaultMBeanServerInterceptor.java:814)
	at java.management/com.sun.jmx.mbeanserver.JmxMBeanServer.invoke(JmxMBeanServer.java:802)
	at java.management.rmi/javax.management.remote.rmi.RMIConnectionImpl.doOperation(RMIConnectionImpl.java:1472)
	at java.management.rmi/javax.management.remote.rmi.RMIConnectionImpl$PrivilegedOperation.run(RMIConnectionImpl.java:1310)
	at java.management.rmi/javax.management.remote.rmi.RMIConnectionImpl.doPrivilegedOperation(RMIConnectionImpl.java:1405)
	at java.management.rmi/javax.management.remote.rmi.RMIConnectionImpl.invoke(RMIConnectionImpl.java:829)
	at java.base/jdk.internal.reflect.GeneratedMethodAccessor30.invoke(Unknown Source)
	at java.base/jdk.internal.reflect.DelegatingMethodAccessorImpl.invoke(DelegatingMethodAccessorImpl.java:43)
	at java.base/java.lang.reflect.Method.invoke(Method.java:568)
	at java.rmi/sun.rmi.server.UnicastServerRef.dispatch(UnicastServerRef.java:360)
	at java.rmi/sun.rmi.transport.Transport$1.run(Transport.java:200)
	at java.rmi/sun.rmi.transport.Transport$1.run(Transport.java:197)
	at java.base/java.security.AccessController.doPrivileged(AccessController.java:712)
	at java.rmi/sun.rmi.transport.Transport.serviceCall(Transport.java:196)
	at java.rmi/sun.rmi.transport.tcp.TCPTransport.handleMessages(TCPTransport.java:587)
	at java.rmi/sun.rmi.transport.tcp.TCPTransport$ConnectionHandler.run0(TCPTransport.java:828)
	at java.rmi/sun.rmi.transport.tcp.TCPTransport$ConnectionHandler.lambda$run$0(TCPTransport.java:705)
	at java.base/java.security.AccessController.doPrivileged(AccessController.java:399)
	at java.rmi/sun.rmi.transport.tcp.TCPTransport$ConnectionHandler.run(TCPTransport.java:704)
	at java.base/java.util.concurrent.ThreadPoolExecutor.runWorker(ThreadPoolExecutor.java:1136)
	at java.base/java.util.concurrent.ThreadPoolExecutor$Worker.run(ThreadPoolExecutor.java:635)
	at java.base/java.lang.Thread.run(Thread.java:842)
Caused by: com.mongodb.MongoTimeoutException: Timed out while waiting for a server that matches ReadPreferenceServerSelector{readPreference=primary}. Client view of cluster state is {type=UNKNOWN, servers=[{address=localhost:27017, type=UNKNOWN, state=CONNECTING, exception={com.mongodb.MongoSocketOpenException: Exception opening socket}, caused by {java.net.ConnectException: Connection refused: no further information}}]
	at com.mongodb.internal.connection.BaseCluster.logAndThrowTimeoutException(BaseCluster.java:427)
	at com.mongodb.internal.connection.BaseCluster.lambda$selectServer$0(BaseCluster.java:154)
	at com.mongodb.internal.time.Timeout.lambda$onExistsAndExpired$16(Timeout.java:236)
	at com.mongodb.internal.time.Timeout.lambda$run$10(Timeout.java:201)
	at com.mongodb.internal.time.TimePoint.checkedCall(TimePoint.java:98)
	at com.mongodb.internal.time.Timeout.call(Timeout.java:174)
	at com.mongodb.internal.time.Timeout.run(Timeout.java:194)
	at com.mongodb.internal.time.Timeout.onExistsAndExpired(Timeout.java:233)
	at com.mongodb.internal.time.Timeout.onExpired(Timeout.java:226)
	at com.mongodb.internal.connection.BaseCluster.selectServer(BaseCluster.java:153)
	at com.mongodb.internal.connection.SingleServerCluster.selectServer(SingleServerCluster.java:47)
	at com.mongodb.internal.binding.ClusterBinding.getReadConnectionSource(ClusterBinding.java:82)
	at com.mongodb.client.internal.ClientSessionBinding.getConnectionSource(ClientSessionBinding.java:108)
	at com.mongodb.client.internal.ClientSessionBinding.getReadConnectionSource(ClientSessionBinding.java:88)
	at com.mongodb.internal.operation.SyncOperationHelper.withSuppliedResource(SyncOperationHelper.java:148)
	at com.mongodb.internal.operation.SyncOperationHelper.withSourceAndConnection(SyncOperationHelper.java:129)
	at com.mongodb.internal.operation.SyncOperationHelper.lambda$executeRetryableRead$4(SyncOperationHelper.java:195)
	at com.mongodb.internal.operation.SyncOperationHelper.lambda$decorateReadWithRetries$13(SyncOperationHelper.java:317)
	at com.mongodb.internal.async.function.RetryingSyncSupplier.get(RetryingSyncSupplier.java:67)
	at com.mongodb.internal.operation.SyncOperationHelper.executeRetryableRead(SyncOperationHelper.java:201)
	at com.mongodb.internal.operation.SyncOperationHelper.executeRetryableRead(SyncOperationHelper.java:180)
	at com.mongodb.internal.operation.CommandReadOperation.execute(CommandReadOperation.java:52)
	at com.mongodb.client.internal.MongoClusterImpl$OperationExecutorImpl.execute(MongoClusterImpl.java:358)
	at com.mongodb.client.internal.MongoDatabaseImpl.executeCommand(MongoDatabaseImpl.java:215)
	at com.mongodb.client.internal.MongoDatabaseImpl.runCommand(MongoDatabaseImpl.java:184)
	at com.mongodb.client.internal.MongoDatabaseImpl.runCommand(MongoDatabaseImpl.java:179)
	at org.springframework.data.mongodb.core.MongoTemplate.lambda$executeCommand$3(MongoTemplate.java:516)
	at org.springframework.data.mongodb.core.MongoTemplate.execute(MongoTemplate.java:582)
	... 45 common frames omitted
25-04-23 17:34:34.363 [RMI TCP Connection(4)-192.168.124.100] WARN  o.s.b.a.health.HealthEndpointSupport [ |  | ] - Health contributor org.springframework.boot.actuate.data.mongo.MongoHealthIndicator (mongo) took 30035ms to respond
25-04-23 17:35:11.435 [SpringApplicationShutdownHook] INFO  o.s.b.w.e.tomcat.GracefulShutdown [ |  | ] - Commencing graceful shutdown. Waiting for active requests to complete
25-04-23 17:35:11.604 [tomcat-shutdown] INFO  o.s.b.w.e.tomcat.GracefulShutdown [ |  | ] - Graceful shutdown complete
25-04-23 17:35:11.610 [SpringApplicationShutdownHook] INFO  o.s.o.j.LocalContainerEntityManagerFactoryBean [ |  | ] - Closing JPA EntityManagerFactory for persistence unit 'default'
25-04-23 17:35:11.612 [SpringApplicationShutdownHook] INFO  com.zaxxer.hikari.HikariDataSource [ |  | ] - HikariPool-1 - Shutdown initiated...
25-04-23 17:35:11.615 [SpringApplicationShutdownHook] INFO  com.zaxxer.hikari.HikariDataSource [ |  | ] - HikariPool-1 - Shutdown completed.
