25-04-22 13:07:16.979 [background-preinit] INFO  o.h.validator.internal.util.Version [ |  | ] - HV000001: Hibernate Validator 8.0.2.Final
25-04-22 13:07:17.018 [main] INFO  c.s.p.s.Sb01MonewTeam6Application [ |  | ] - Starting Sb01MonewTeam6Application v0.0.1 using Java 17.0.12 with PID 28072 (C:\Users\tjf78\Github\sb01-monew-team6\build\classes\java\main started by tjf78 in C:\Users\tjf78\Github\sb01-monew-team6)
25-04-22 13:07:17.019 [main] INFO  c.s.p.s.Sb01MonewTeam6Application [ |  | ] - The following 1 profile is active: "dev"
25-04-22 13:07:17.855 [main] INFO  o.s.d.r.c.RepositoryConfigurationDelegate [ |  | ] - Multiple Spring Data modules found, entering strict repository configuration mode
25-04-22 13:07:17.857 [main] INFO  o.s.d.r.c.RepositoryConfigurationDelegate [ |  | ] - Bootstrapping Spring Data JPA repositories in DEFAULT mode.
25-04-22 13:07:17.876 [main] INFO  o.s.d.r.c.RepositoryConfigurationDelegate [ |  | ] - Finished Spring Data repository scanning in 12 ms. Found 0 JPA repository interfaces.
25-04-22 13:07:17.881 [main] INFO  o.s.d.r.c.RepositoryConfigurationDelegate [ |  | ] - Multiple Spring Data modules found, entering strict repository configuration mode
25-04-22 13:07:17.881 [main] INFO  o.s.d.r.c.RepositoryConfigurationDelegate [ |  | ] - Bootstrapping Spring Data MongoDB repositories in DEFAULT mode.
25-04-22 13:07:17.885 [main] INFO  o.s.d.r.c.RepositoryConfigurationDelegate [ |  | ] - Finished Spring Data repository scanning in 2 ms. Found 0 MongoDB repository interfaces.
25-04-22 13:07:18.548 [main] INFO  o.s.b.w.e.tomcat.TomcatWebServer [ |  | ] - Tomcat initialized with port 8080 (http)
25-04-22 13:07:18.551 [main] INFO  o.a.c.core.AprLifecycleListener [ |  | ] - Loaded Apache Tomcat Native library [2.0.8] using APR version [1.7.4].
25-04-22 13:07:18.611 [main] INFO  o.a.c.core.AprLifecycleListener [ |  | ] - OpenSSL successfully initialized [OpenSSL 3.0.14 4 Jun 2024]
25-04-22 13:07:18.621 [main] INFO  o.a.coyote.http11.Http11NioProtocol [ |  | ] - Initializing ProtocolHandler ["http-nio-8080"]
25-04-22 13:07:18.622 [main] INFO  o.a.catalina.core.StandardService [ |  | ] - Starting service [Tomcat]
25-04-22 13:07:18.623 [main] INFO  o.a.catalina.core.StandardEngine [ |  | ] - Starting Servlet engine: [Apache Tomcat/10.1.39]
25-04-22 13:07:18.684 [main] INFO  o.a.c.c.C.[Tomcat].[localhost].[/] [ |  | ] - Initializing Spring embedded WebApplicationContext
25-04-22 13:07:18.684 [main] INFO  o.s.b.w.s.c.ServletWebServerApplicationContext [ |  | ] - Root WebApplicationContext: initialization completed in 1635 ms
25-04-22 13:07:18.885 [main] INFO  com.zaxxer.hikari.HikariDataSource [ |  | ] - HikariPool-1 - Starting...
25-04-22 13:07:19.037 [main] INFO  com.zaxxer.hikari.pool.HikariPool [ |  | ] - HikariPool-1 - Added connection conn0: url=jdbc:h2:mem:206272c4-c8a9-4661-aec8-7f77902b56c4 user=SA
25-04-22 13:07:19.039 [main] INFO  com.zaxxer.hikari.HikariDataSource [ |  | ] - HikariPool-1 - Start completed.
25-04-22 13:07:19.066 [main] INFO  p6spy [ |  | ] - #1745294839066 | took 8ms | statement | connection 2| url jdbc:h2:mem:206272c4-c8a9-4661-aec8-7f77902b56c4
CREATE TABLE BATCH_JOB_INSTANCE ( JOB_INSTANCE_ID BIGINT GENERATED BY DEFAULT AS IDENTITY PRIMARY KEY , VERSION BIGINT , JOB_NAME VARCHAR(100) NOT NULL, JOB_KEY VARCHAR(32) NOT NULL, constraint JOB_INST_UN unique (JOB_NAME, JOB_KEY) ) 
CREATE TABLE BATCH_JOB_INSTANCE ( JOB_INSTANCE_ID BIGINT GENERATED BY DEFAULT AS IDENTITY PRIMARY KEY , VERSION BIGINT , JOB_NAME VARCHAR(100) NOT NULL, JOB_KEY VARCHAR(32) NOT NULL, constraint JOB_INST_UN unique (JOB_NAME, JOB_KEY) ) ;
25-04-22 13:07:19.076 [main] INFO  p6spy [ |  | ] - #1745294839076 | took 9ms | statement | connection 2| url jdbc:h2:mem:206272c4-c8a9-4661-aec8-7f77902b56c4
CREATE TABLE BATCH_JOB_EXECUTION ( JOB_EXECUTION_ID BIGINT GENERATED BY DEFAULT AS IDENTITY PRIMARY KEY , VERSION BIGINT , JOB_INSTANCE_ID BIGINT NOT NULL, CREATE_TIME TIMESTAMP(9) NOT NULL, START_TIME TIMESTAMP(9) DEFAULT NULL , END_TIME TIMESTAMP(9) DEFAULT NULL , STATUS VARCHAR(10) , EXIT_CODE VARCHAR(2500) , EXIT_MESSAGE VARCHAR(2500) , LAST_UPDATED TIMESTAMP(9), constraint JOB_INST_EXEC_FK foreign key (JOB_INSTANCE_ID) references BATCH_JOB_INSTANCE(JOB_INSTANCE_ID) ) 
CREATE TABLE BATCH_JOB_EXECUTION ( JOB_EXECUTION_ID BIGINT GENERATED BY DEFAULT AS IDENTITY PRIMARY KEY , VERSION BIGINT , JOB_INSTANCE_ID BIGINT NOT NULL, CREATE_TIME TIMESTAMP(9) NOT NULL, START_TIME TIMESTAMP(9) DEFAULT NULL , END_TIME TIMESTAMP(9) DEFAULT NULL , STATUS VARCHAR(10) , EXIT_CODE VARCHAR(2500) , EXIT_MESSAGE VARCHAR(2500) , LAST_UPDATED TIMESTAMP(9), constraint JOB_INST_EXEC_FK foreign key (JOB_INSTANCE_ID) references BATCH_JOB_INSTANCE(JOB_INSTANCE_ID) ) ;
25-04-22 13:07:19.078 [main] INFO  p6spy [ |  | ] - #1745294839078 | took 1ms | statement | connection 2| url jdbc:h2:mem:206272c4-c8a9-4661-aec8-7f77902b56c4
CREATE TABLE BATCH_JOB_EXECUTION_PARAMS ( JOB_EXECUTION_ID BIGINT NOT NULL , PARAMETER_NAME VARCHAR(100) NOT NULL , PARAMETER_TYPE VARCHAR(100) NOT NULL , PARAMETER_VALUE VARCHAR(2500) , IDENTIFYING CHAR(1) NOT NULL , constraint JOB_EXEC_PARAMS_FK foreign key (JOB_EXECUTION_ID) references BATCH_JOB_EXECUTION(JOB_EXECUTION_ID) ) 
CREATE TABLE BATCH_JOB_EXECUTION_PARAMS ( JOB_EXECUTION_ID BIGINT NOT NULL , PARAMETER_NAME VARCHAR(100) NOT NULL , PARAMETER_TYPE VARCHAR(100) NOT NULL , PARAMETER_VALUE VARCHAR(2500) , IDENTIFYING CHAR(1) NOT NULL , constraint JOB_EXEC_PARAMS_FK foreign key (JOB_EXECUTION_ID) references BATCH_JOB_EXECUTION(JOB_EXECUTION_ID) ) ;
25-04-22 13:07:19.079 [main] INFO  p6spy [ |  | ] - #1745294839079 | took 1ms | statement | connection 2| url jdbc:h2:mem:206272c4-c8a9-4661-aec8-7f77902b56c4
CREATE TABLE BATCH_STEP_EXECUTION ( STEP_EXECUTION_ID BIGINT GENERATED BY DEFAULT AS IDENTITY PRIMARY KEY , VERSION BIGINT NOT NULL, STEP_NAME VARCHAR(100) NOT NULL, JOB_EXECUTION_ID BIGINT NOT NULL, CREATE_TIME TIMESTAMP(9) NOT NULL, START_TIME TIMESTAMP(9) DEFAULT NULL , END_TIME TIMESTAMP(9) DEFAULT NULL , STATUS VARCHAR(10) , COMMIT_COUNT BIGINT , READ_COUNT BIGINT , FILTER_COUNT BIGINT , WRITE_COUNT BIGINT , READ_SKIP_COUNT BIGINT , WRITE_SKIP_COUNT BIGINT , PROCESS_SKIP_COUNT BIGINT , ROLLBACK_COUNT BIGINT , EXIT_CODE VARCHAR(2500) , EXIT_MESSAGE VARCHAR(2500) , LAST_UPDATED TIMESTAMP(9), constraint JOB_EXEC_STEP_FK foreign key (JOB_EXECUTION_ID) references BATCH_JOB_EXECUTION(JOB_EXECUTION_ID) ) 
CREATE TABLE BATCH_STEP_EXECUTION ( STEP_EXECUTION_ID BIGINT GENERATED BY DEFAULT AS IDENTITY PRIMARY KEY , VERSION BIGINT NOT NULL, STEP_NAME VARCHAR(100) NOT NULL, JOB_EXECUTION_ID BIGINT NOT NULL, CREATE_TIME TIMESTAMP(9) NOT NULL, START_TIME TIMESTAMP(9) DEFAULT NULL , END_TIME TIMESTAMP(9) DEFAULT NULL , STATUS VARCHAR(10) , COMMIT_COUNT BIGINT , READ_COUNT BIGINT , FILTER_COUNT BIGINT , WRITE_COUNT BIGINT , READ_SKIP_COUNT BIGINT , WRITE_SKIP_COUNT BIGINT , PROCESS_SKIP_COUNT BIGINT , ROLLBACK_COUNT BIGINT , EXIT_CODE VARCHAR(2500) , EXIT_MESSAGE VARCHAR(2500) , LAST_UPDATED TIMESTAMP(9), constraint JOB_EXEC_STEP_FK foreign key (JOB_EXECUTION_ID) references BATCH_JOB_EXECUTION(JOB_EXECUTION_ID) ) ;
25-04-22 13:07:19.080 [main] INFO  p6spy [ |  | ] - #1745294839080 | took 1ms | statement | connection 2| url jdbc:h2:mem:206272c4-c8a9-4661-aec8-7f77902b56c4
CREATE TABLE BATCH_STEP_EXECUTION_CONTEXT ( STEP_EXECUTION_ID BIGINT NOT NULL PRIMARY KEY, SHORT_CONTEXT VARCHAR(2500) NOT NULL, SERIALIZED_CONTEXT LONGVARCHAR , constraint STEP_EXEC_CTX_FK foreign key (STEP_EXECUTION_ID) references BATCH_STEP_EXECUTION(STEP_EXECUTION_ID) ) 
CREATE TABLE BATCH_STEP_EXECUTION_CONTEXT ( STEP_EXECUTION_ID BIGINT NOT NULL PRIMARY KEY, SHORT_CONTEXT VARCHAR(2500) NOT NULL, SERIALIZED_CONTEXT LONGVARCHAR , constraint STEP_EXEC_CTX_FK foreign key (STEP_EXECUTION_ID) references BATCH_STEP_EXECUTION(STEP_EXECUTION_ID) ) ;
25-04-22 13:07:19.081 [main] INFO  p6spy [ |  | ] - #1745294839081 | took 1ms | statement | connection 2| url jdbc:h2:mem:206272c4-c8a9-4661-aec8-7f77902b56c4
CREATE TABLE BATCH_JOB_EXECUTION_CONTEXT ( JOB_EXECUTION_ID BIGINT NOT NULL PRIMARY KEY, SHORT_CONTEXT VARCHAR(2500) NOT NULL, SERIALIZED_CONTEXT LONGVARCHAR , constraint JOB_EXEC_CTX_FK foreign key (JOB_EXECUTION_ID) references BATCH_JOB_EXECUTION(JOB_EXECUTION_ID) ) 
CREATE TABLE BATCH_JOB_EXECUTION_CONTEXT ( JOB_EXECUTION_ID BIGINT NOT NULL PRIMARY KEY, SHORT_CONTEXT VARCHAR(2500) NOT NULL, SERIALIZED_CONTEXT LONGVARCHAR , constraint JOB_EXEC_CTX_FK foreign key (JOB_EXECUTION_ID) references BATCH_JOB_EXECUTION(JOB_EXECUTION_ID) ) ;
25-04-22 13:07:19.082 [main] INFO  p6spy [ |  | ] - #1745294839082 | took 0ms | statement | connection 2| url jdbc:h2:mem:206272c4-c8a9-4661-aec8-7f77902b56c4
CREATE SEQUENCE BATCH_STEP_EXECUTION_SEQ
CREATE SEQUENCE BATCH_STEP_EXECUTION_SEQ;
25-04-22 13:07:19.082 [main] INFO  p6spy [ |  | ] - #1745294839082 | took 0ms | statement | connection 2| url jdbc:h2:mem:206272c4-c8a9-4661-aec8-7f77902b56c4
CREATE SEQUENCE BATCH_JOB_EXECUTION_SEQ
CREATE SEQUENCE BATCH_JOB_EXECUTION_SEQ;
25-04-22 13:07:19.082 [main] INFO  p6spy [ |  | ] - #1745294839082 | took 0ms | statement | connection 2| url jdbc:h2:mem:206272c4-c8a9-4661-aec8-7f77902b56c4
CREATE SEQUENCE BATCH_JOB_SEQ
CREATE SEQUENCE BATCH_JOB_SEQ;
25-04-22 13:07:19.144 [main] INFO  o.h.jpa.internal.util.LogHelper [ |  | ] - HHH000204: Processing PersistenceUnitInfo [name: default]
25-04-22 13:07:19.190 [main] INFO  org.hibernate.Version [ |  | ] - HHH000412: Hibernate ORM core version 6.6.11.Final
25-04-22 13:07:19.215 [main] INFO  o.h.c.i.RegionFactoryInitiator [ |  | ] - HHH000026: Second-level cache disabled
25-04-22 13:07:19.424 [main] INFO  o.s.o.j.p.SpringPersistenceUnitInfo [ |  | ] - No LoadTimeWeaver setup: ignoring JPA class transformer
25-04-22 13:07:19.481 [main] INFO  o.hibernate.orm.connections.pooling [ |  | ] - HHH10001005: Database info:
	Database JDBC URL [Connecting through datasource 'p6SpyDataSourceDecorator [com.p6spy.engine.spy.P6DataSource] -> dataSource [com.zaxxer.hikari.HikariDataSource]']
	Database driver: undefined/unknown
	Database version: 2.3.232
	Autocommit mode: undefined/unknown
	Isolation level: undefined/unknown
	Minimum pool size: undefined/unknown
	Maximum pool size: undefined/unknown
25-04-22 13:07:19.722 [main] INFO  o.h.e.t.j.p.i.JtaPlatformInitiator [ |  | ] - HHH000489: No JTA platform available (set 'hibernate.transaction.jta.platform' to enable JTA platform integration)
25-04-22 13:07:19.726 [main] INFO  o.s.o.j.LocalContainerEntityManagerFactoryBean [ |  | ] - Initialized JPA EntityManagerFactory for persistence unit 'default'
25-04-22 13:07:20.378 [cluster-ClusterId{value='680715f85f8dc00e83b9500a', description='null'}-localhost:27017] INFO  org.mongodb.driver.cluster [ |  | ] - Exception in monitor thread while connecting to server localhost:27017
com.mongodb.MongoSocketOpenException: Exception opening socket
	at com.mongodb.internal.connection.SocketStream.lambda$open$0(SocketStream.java:85)
	at java.base/java.util.Optional.orElseThrow(Optional.java:403)
	at com.mongodb.internal.connection.SocketStream.open(SocketStream.java:85)
	at com.mongodb.internal.connection.InternalStreamConnection.open(InternalStreamConnection.java:233)
	at com.mongodb.internal.connection.DefaultServerMonitor$ServerMonitor.lookupServerDescription(DefaultServerMonitor.java:219)
	at com.mongodb.internal.connection.DefaultServerMonitor$ServerMonitor.run(DefaultServerMonitor.java:176)
Caused by: java.net.ConnectException: Connection refused: no further information
	at java.base/sun.nio.ch.Net.pollConnect(Native Method)
	at java.base/sun.nio.ch.Net.pollConnectNow(Net.java:672)
	at java.base/sun.nio.ch.NioSocketImpl.timedFinishConnect(NioSocketImpl.java:547)
	at java.base/sun.nio.ch.NioSocketImpl.connect(NioSocketImpl.java:602)
	at java.base/java.net.SocksSocketImpl.connect(SocksSocketImpl.java:327)
	at java.base/java.net.Socket.connect(Socket.java:633)
	at com.mongodb.internal.connection.SocketStreamHelper.initialize(SocketStreamHelper.java:76)
	at com.mongodb.internal.connection.SocketStream.initializeSocket(SocketStream.java:104)
	at com.mongodb.internal.connection.SocketStream.open(SocketStream.java:79)
	... 3 common frames omitted
25-04-22 13:07:20.385 [main] INFO  org.mongodb.driver.client [ |  | ] - MongoClient with metadata {"driver": {"name": "mongo-java-driver|sync|spring-boot", "version": "5.2.1"}, "os": {"type": "Windows", "name": "Windows 11", "architecture": "amd64", "version": "10.0"}, "platform": "Java/Oracle Corporation/17.0.12+8-LTS-286"} created with settings MongoClientSettings{readPreference=primary, writeConcern=WriteConcern{w=null, wTimeout=null ms, journal=null}, retryWrites=true, retryReads=true, readConcern=ReadConcern{level=null}, credential=null, transportSettings=null, commandListeners=[io.micrometer.core.instrument.binder.mongodb.MongoMetricsCommandListener@7672dd7a], codecRegistry=ProvidersCodecRegistry{codecProviders=[ValueCodecProvider{}, BsonValueCodecProvider{}, DBRefCodecProvider{}, DBObjectCodecProvider{}, DocumentCodecProvider{}, CollectionCodecProvider{}, IterableCodecProvider{}, MapCodecProvider{}, GeoJsonCodecProvider{}, GridFSFileCodecProvider{}, Jsr310CodecProvider{}, JsonObjectCodecProvider{}, BsonCodecProvider{}, EnumCodecProvider{}, com.mongodb.client.model.mql.ExpressionCodecProvider@4eb69e8d, com.mongodb.Jep395RecordCodecProvider@78fd1179, com.mongodb.KotlinCodecProvider@13cec4ff]}, loggerSettings=LoggerSettings{maxDocumentLength=1000}, clusterSettings={hosts=[localhost:27017], srvServiceName=mongodb, mode=SINGLE, requiredClusterType=UNKNOWN, requiredReplicaSetName='null', serverSelector='null', clusterListeners='[]', serverSelectionTimeout='30000 ms', localThreshold='15 ms'}, socketSettings=SocketSettings{connectTimeoutMS=10000, readTimeoutMS=0, receiveBufferSize=0, proxySettings=ProxySettings{host=null, port=null, username=null, password=null}}, heartbeatSocketSettings=SocketSettings{connectTimeoutMS=10000, readTimeoutMS=10000, receiveBufferSize=0, proxySettings=ProxySettings{host=null, port=null, username=null, password=null}}, connectionPoolSettings=ConnectionPoolSettings{maxSize=100, minSize=0, maxWaitTimeMS=120000, maxConnectionLifeTimeMS=0, maxConnectionIdleTimeMS=0, maintenanceInitialDelayMS=0, maintenanceFrequencyMS=60000, connectionPoolListeners=[io.micrometer.core.instrument.binder.mongodb.MongoMetricsConnectionPoolListener@40a2fdd2], maxConnecting=2}, serverSettings=ServerSettings{heartbeatFrequencyMS=10000, minHeartbeatFrequencyMS=500, serverMonitoringMode=AUTO, serverListeners='[]', serverMonitorListeners='[]'}, sslSettings=SslSettings{enabled=false, invalidHostNameAllowed=false, context=null}, applicationName='null', compressorList=[], uuidRepresentation=JAVA_LEGACY, serverApi=null, autoEncryptionSettings=null, dnsClient=null, inetAddressResolver=null, contextProvider=null, timeoutMS=null}
25-04-22 13:07:20.912 [main] INFO  o.s.b.a.e.web.EndpointLinksResolver [ |  | ] - Exposing 1 endpoint beneath base path '/actuator'
25-04-22 13:07:20.966 [main] INFO  o.a.coyote.http11.Http11NioProtocol [ |  | ] - Starting ProtocolHandler ["http-nio-8080"]
25-04-22 13:07:20.980 [main] INFO  o.s.b.w.e.tomcat.TomcatWebServer [ |  | ] - Tomcat started on port 8080 (http) with context path '/'
25-04-22 13:07:20.993 [main] INFO  c.s.p.s.Sb01MonewTeam6Application [ |  | ] - Started Sb01MonewTeam6Application in 4.468 seconds (process running for 5.006)
25-04-22 13:07:21.000 [main] INFO  o.s.b.a.b.JobLauncherApplicationRunner [ |  | ] - Running default command line with: []
25-04-22 13:07:21.602 [RMI TCP Connection(4)-222.96.116.192] INFO  o.a.c.c.C.[Tomcat].[localhost].[/] [ |  | ] - Initializing Spring DispatcherServlet 'dispatcherServlet'
25-04-22 13:07:21.603 [RMI TCP Connection(4)-222.96.116.192] INFO  o.s.web.servlet.DispatcherServlet [ |  | ] - Initializing Servlet 'dispatcherServlet'
25-04-22 13:07:21.604 [RMI TCP Connection(4)-222.96.116.192] INFO  o.s.web.servlet.DispatcherServlet [ |  | ] - Completed initialization in 1 ms
25-04-22 13:07:21.630 [RMI TCP Connection(3)-222.96.116.192] INFO  org.mongodb.driver.cluster [ |  | ] - Waiting for server to become available for operation with ID 3. Remaining time: 29995 ms. Selector: ReadPreferenceServerSelector{readPreference=primary}, topology description: {type=UNKNOWN, servers=[{address=localhost:27017, type=UNKNOWN, state=CONNECTING, exception={com.mongodb.MongoSocketOpenException: Exception opening socket}, caused by {java.net.ConnectException: Connection refused: no further information}}].
25-04-22 13:07:42.760 [SpringApplicationShutdownHook] INFO  o.s.b.w.e.tomcat.GracefulShutdown [ |  | ] - Commencing graceful shutdown. Waiting for active requests to complete
25-04-22 13:07:42.905 [tomcat-shutdown] INFO  o.s.b.w.e.tomcat.GracefulShutdown [ |  | ] - Graceful shutdown complete
25-04-22 13:07:42.910 [RMI TCP Connection(3)-222.96.116.192] WARN  o.s.b.a.d.mongo.MongoHealthIndicator [ |  | ] - MongoDB health check failed
org.springframework.data.mongodb.ClientSessionException: state should be: open
	at org.springframework.data.mongodb.core.MongoExceptionTranslator.doTranslateException(MongoExceptionTranslator.java:159)
	at org.springframework.data.mongodb.core.MongoExceptionTranslator.translateExceptionIfPossible(MongoExceptionTranslator.java:74)
	at org.springframework.data.mongodb.core.MongoTemplate.potentiallyConvertRuntimeException(MongoTemplate.java:3017)
	at org.springframework.data.mongodb.core.MongoTemplate.execute(MongoTemplate.java:584)
	at org.springframework.data.mongodb.core.MongoTemplate.executeCommand(MongoTemplate.java:516)
	at org.springframework.boot.actuate.data.mongo.MongoHealthIndicator.doHealthCheck(MongoHealthIndicator.java:46)
	at org.springframework.boot.actuate.health.AbstractHealthIndicator.health(AbstractHealthIndicator.java:82)
	at org.springframework.boot.actuate.health.HealthIndicator.getHealth(HealthIndicator.java:37)
	at org.springframework.boot.actuate.health.HealthEndpoint.getHealth(HealthEndpoint.java:82)
	at org.springframework.boot.actuate.health.HealthEndpoint.getHealth(HealthEndpoint.java:41)
	at org.springframework.boot.actuate.health.HealthEndpointSupport.getLoggedHealth(HealthEndpointSupport.java:172)
	at org.springframework.boot.actuate.health.HealthEndpointSupport.getContribution(HealthEndpointSupport.java:145)
	at org.springframework.boot.actuate.health.HealthEndpointSupport.getAggregateContribution(HealthEndpointSupport.java:156)
	at org.springframework.boot.actuate.health.HealthEndpointSupport.getContribution(HealthEndpointSupport.java:141)
	at org.springframework.boot.actuate.health.HealthEndpointSupport.getHealth(HealthEndpointSupport.java:110)
	at org.springframework.boot.actuate.health.HealthEndpointSupport.getHealth(HealthEndpointSupport.java:81)
	at org.springframework.boot.actuate.health.HealthEndpoint.health(HealthEndpoint.java:76)
	at org.springframework.boot.actuate.health.HealthEndpoint.health(HealthEndpoint.java:66)
	at java.base/jdk.internal.reflect.NativeMethodAccessorImpl.invoke0(Native Method)
	at java.base/jdk.internal.reflect.NativeMethodAccessorImpl.invoke(NativeMethodAccessorImpl.java:77)
	at java.base/jdk.internal.reflect.DelegatingMethodAccessorImpl.invoke(DelegatingMethodAccessorImpl.java:43)
	at java.base/java.lang.reflect.Method.invoke(Method.java:568)
	at org.springframework.util.ReflectionUtils.invokeMethod(ReflectionUtils.java:281)
	at org.springframework.boot.actuate.endpoint.invoke.reflect.ReflectiveOperationInvoker.invoke(ReflectiveOperationInvoker.java:74)
	at org.springframework.boot.actuate.endpoint.annotation.AbstractDiscoveredOperation.invoke(AbstractDiscoveredOperation.java:60)
	at org.springframework.boot.actuate.endpoint.jmx.EndpointMBean.invoke(EndpointMBean.java:124)
	at org.springframework.boot.actuate.endpoint.jmx.EndpointMBean.invoke(EndpointMBean.java:97)
	at java.management/com.sun.jmx.interceptor.DefaultMBeanServerInterceptor.invoke(DefaultMBeanServerInterceptor.java:814)
	at java.management/com.sun.jmx.mbeanserver.JmxMBeanServer.invoke(JmxMBeanServer.java:802)
	at java.management.rmi/javax.management.remote.rmi.RMIConnectionImpl.doOperation(RMIConnectionImpl.java:1472)
	at java.management.rmi/javax.management.remote.rmi.RMIConnectionImpl$PrivilegedOperation.run(RMIConnectionImpl.java:1310)
	at java.management.rmi/javax.management.remote.rmi.RMIConnectionImpl.doPrivilegedOperation(RMIConnectionImpl.java:1405)
	at java.management.rmi/javax.management.remote.rmi.RMIConnectionImpl.invoke(RMIConnectionImpl.java:829)
	at java.base/jdk.internal.reflect.GeneratedMethodAccessor29.invoke(Unknown Source)
	at java.base/jdk.internal.reflect.DelegatingMethodAccessorImpl.invoke(DelegatingMethodAccessorImpl.java:43)
	at java.base/java.lang.reflect.Method.invoke(Method.java:568)
	at java.rmi/sun.rmi.server.UnicastServerRef.dispatch(UnicastServerRef.java:360)
	at java.rmi/sun.rmi.transport.Transport$1.run(Transport.java:200)
	at java.rmi/sun.rmi.transport.Transport$1.run(Transport.java:197)
	at java.base/java.security.AccessController.doPrivileged(AccessController.java:712)
	at java.rmi/sun.rmi.transport.Transport.serviceCall(Transport.java:196)
	at java.rmi/sun.rmi.transport.tcp.TCPTransport.handleMessages(TCPTransport.java:587)
	at java.rmi/sun.rmi.transport.tcp.TCPTransport$ConnectionHandler.run0(TCPTransport.java:828)
	at java.rmi/sun.rmi.transport.tcp.TCPTransport$ConnectionHandler.lambda$run$0(TCPTransport.java:705)
	at java.base/java.security.AccessController.doPrivileged(AccessController.java:399)
	at java.rmi/sun.rmi.transport.tcp.TCPTransport$ConnectionHandler.run(TCPTransport.java:704)
	at java.base/java.util.concurrent.ThreadPoolExecutor.runWorker(ThreadPoolExecutor.java:1136)
	at java.base/java.util.concurrent.ThreadPoolExecutor$Worker.run(ThreadPoolExecutor.java:635)
	at java.base/java.lang.Thread.run(Thread.java:842)
Caused by: java.lang.IllegalStateException: state should be: open
	at com.mongodb.assertions.Assertions.isTrue(Assertions.java:91)
	at com.mongodb.internal.connection.SingleServerCluster.getServersSnapshot(SingleServerCluster.java:76)
	at com.mongodb.internal.connection.BaseCluster.createCompleteSelectorAndSelectServer(BaseCluster.java:330)
	at com.mongodb.internal.connection.BaseCluster.selectServer(BaseCluster.java:135)
	at com.mongodb.internal.connection.SingleServerCluster.selectServer(SingleServerCluster.java:47)
	at com.mongodb.internal.binding.ClusterBinding.getReadConnectionSource(ClusterBinding.java:82)
	at com.mongodb.client.internal.ClientSessionBinding.getConnectionSource(ClientSessionBinding.java:108)
	at com.mongodb.client.internal.ClientSessionBinding.getReadConnectionSource(ClientSessionBinding.java:88)
	at com.mongodb.internal.operation.SyncOperationHelper.withSuppliedResource(SyncOperationHelper.java:148)
	at com.mongodb.internal.operation.SyncOperationHelper.withSourceAndConnection(SyncOperationHelper.java:129)
	at com.mongodb.internal.operation.SyncOperationHelper.lambda$executeRetryableRead$4(SyncOperationHelper.java:195)
	at com.mongodb.internal.operation.SyncOperationHelper.lambda$decorateReadWithRetries$13(SyncOperationHelper.java:317)
	at com.mongodb.internal.async.function.RetryingSyncSupplier.get(RetryingSyncSupplier.java:67)
	at com.mongodb.internal.operation.SyncOperationHelper.executeRetryableRead(SyncOperationHelper.java:201)
	at com.mongodb.internal.operation.SyncOperationHelper.executeRetryableRead(SyncOperationHelper.java:180)
	at com.mongodb.internal.operation.CommandReadOperation.execute(CommandReadOperation.java:52)
	at com.mongodb.client.internal.MongoClusterImpl$OperationExecutorImpl.execute(MongoClusterImpl.java:358)
	at com.mongodb.client.internal.MongoDatabaseImpl.executeCommand(MongoDatabaseImpl.java:215)
	at com.mongodb.client.internal.MongoDatabaseImpl.runCommand(MongoDatabaseImpl.java:184)
	at com.mongodb.client.internal.MongoDatabaseImpl.runCommand(MongoDatabaseImpl.java:179)
	at org.springframework.data.mongodb.core.MongoTemplate.lambda$executeCommand$3(MongoTemplate.java:516)
	at org.springframework.data.mongodb.core.MongoTemplate.execute(MongoTemplate.java:582)
	... 45 common frames omitted
25-04-22 13:07:42.910 [SpringApplicationShutdownHook] INFO  o.s.o.j.LocalContainerEntityManagerFactoryBean [ |  | ] - Closing JPA EntityManagerFactory for persistence unit 'default'
25-04-22 13:07:42.913 [SpringApplicationShutdownHook] INFO  com.zaxxer.hikari.HikariDataSource [ |  | ] - HikariPool-1 - Shutdown initiated...
25-04-22 13:07:42.913 [RMI TCP Connection(3)-222.96.116.192] WARN  o.s.b.a.health.HealthEndpointSupport [ |  | ] - Health contributor org.springframework.boot.actuate.data.mongo.MongoHealthIndicator (mongo) took 21326ms to respond
25-04-22 13:07:42.914 [SpringApplicationShutdownHook] INFO  com.zaxxer.hikari.HikariDataSource [ |  | ] - HikariPool-1 - Shutdown completed.
25-04-22 13:07:42.915 [RMI TCP Connection(3)-222.96.116.192] WARN  o.s.b.a.j.DataSourceHealthIndicator [ |  | ] - DataSource health check failed
org.springframework.jdbc.CannotGetJdbcConnectionException: Failed to obtain JDBC Connection
	at org.springframework.jdbc.datasource.DataSourceUtils.getConnection(DataSourceUtils.java:84)
	at org.springframework.jdbc.core.JdbcTemplate.execute(JdbcTemplate.java:342)
	at org.springframework.boot.actuate.jdbc.DataSourceHealthIndicator.getProduct(DataSourceHealthIndicator.java:122)
	at org.springframework.boot.actuate.jdbc.DataSourceHealthIndicator.doDataSourceHealthCheck(DataSourceHealthIndicator.java:105)
	at org.springframework.boot.actuate.jdbc.DataSourceHealthIndicator.doHealthCheck(DataSourceHealthIndicator.java:100)
	at org.springframework.boot.actuate.health.AbstractHealthIndicator.health(AbstractHealthIndicator.java:82)
	at org.springframework.boot.actuate.health.HealthIndicator.getHealth(HealthIndicator.java:37)
	at org.springframework.boot.actuate.health.HealthEndpoint.getHealth(HealthEndpoint.java:82)
	at org.springframework.boot.actuate.health.HealthEndpoint.getHealth(HealthEndpoint.java:41)
	at org.springframework.boot.actuate.health.HealthEndpointSupport.getLoggedHealth(HealthEndpointSupport.java:172)
	at org.springframework.boot.actuate.health.HealthEndpointSupport.getContribution(HealthEndpointSupport.java:145)
	at org.springframework.boot.actuate.health.HealthEndpointSupport.getAggregateContribution(HealthEndpointSupport.java:156)
	at org.springframework.boot.actuate.health.HealthEndpointSupport.getContribution(HealthEndpointSupport.java:141)
	at org.springframework.boot.actuate.health.HealthEndpointSupport.getHealth(HealthEndpointSupport.java:110)
	at org.springframework.boot.actuate.health.HealthEndpointSupport.getHealth(HealthEndpointSupport.java:81)
	at org.springframework.boot.actuate.health.HealthEndpoint.health(HealthEndpoint.java:76)
	at org.springframework.boot.actuate.health.HealthEndpoint.health(HealthEndpoint.java:66)
	at java.base/jdk.internal.reflect.NativeMethodAccessorImpl.invoke0(Native Method)
	at java.base/jdk.internal.reflect.NativeMethodAccessorImpl.invoke(NativeMethodAccessorImpl.java:77)
	at java.base/jdk.internal.reflect.DelegatingMethodAccessorImpl.invoke(DelegatingMethodAccessorImpl.java:43)
	at java.base/java.lang.reflect.Method.invoke(Method.java:568)
	at org.springframework.util.ReflectionUtils.invokeMethod(ReflectionUtils.java:281)
	at org.springframework.boot.actuate.endpoint.invoke.reflect.ReflectiveOperationInvoker.invoke(ReflectiveOperationInvoker.java:74)
	at org.springframework.boot.actuate.endpoint.annotation.AbstractDiscoveredOperation.invoke(AbstractDiscoveredOperation.java:60)
	at org.springframework.boot.actuate.endpoint.jmx.EndpointMBean.invoke(EndpointMBean.java:124)
	at org.springframework.boot.actuate.endpoint.jmx.EndpointMBean.invoke(EndpointMBean.java:97)
	at java.management/com.sun.jmx.interceptor.DefaultMBeanServerInterceptor.invoke(DefaultMBeanServerInterceptor.java:814)
	at java.management/com.sun.jmx.mbeanserver.JmxMBeanServer.invoke(JmxMBeanServer.java:802)
	at java.management.rmi/javax.management.remote.rmi.RMIConnectionImpl.doOperation(RMIConnectionImpl.java:1472)
	at java.management.rmi/javax.management.remote.rmi.RMIConnectionImpl$PrivilegedOperation.run(RMIConnectionImpl.java:1310)
	at java.management.rmi/javax.management.remote.rmi.RMIConnectionImpl.doPrivilegedOperation(RMIConnectionImpl.java:1405)
	at java.management.rmi/javax.management.remote.rmi.RMIConnectionImpl.invoke(RMIConnectionImpl.java:829)
	at java.base/jdk.internal.reflect.GeneratedMethodAccessor29.invoke(Unknown Source)
	at java.base/jdk.internal.reflect.DelegatingMethodAccessorImpl.invoke(DelegatingMethodAccessorImpl.java:43)
	at java.base/java.lang.reflect.Method.invoke(Method.java:568)
	at java.rmi/sun.rmi.server.UnicastServerRef.dispatch(UnicastServerRef.java:360)
	at java.rmi/sun.rmi.transport.Transport$1.run(Transport.java:200)
	at java.rmi/sun.rmi.transport.Transport$1.run(Transport.java:197)
	at java.base/java.security.AccessController.doPrivileged(AccessController.java:712)
	at java.rmi/sun.rmi.transport.Transport.serviceCall(Transport.java:196)
	at java.rmi/sun.rmi.transport.tcp.TCPTransport.handleMessages(TCPTransport.java:587)
	at java.rmi/sun.rmi.transport.tcp.TCPTransport$ConnectionHandler.run0(TCPTransport.java:828)
	at java.rmi/sun.rmi.transport.tcp.TCPTransport$ConnectionHandler.lambda$run$0(TCPTransport.java:705)
	at java.base/java.security.AccessController.doPrivileged(AccessController.java:399)
	at java.rmi/sun.rmi.transport.tcp.TCPTransport$ConnectionHandler.run(TCPTransport.java:704)
	at java.base/java.util.concurrent.ThreadPoolExecutor.runWorker(ThreadPoolExecutor.java:1136)
	at java.base/java.util.concurrent.ThreadPoolExecutor$Worker.run(ThreadPoolExecutor.java:635)
	at java.base/java.lang.Thread.run(Thread.java:842)
Caused by: java.sql.SQLException: HikariDataSource HikariDataSource (HikariPool-1) has been closed.
	at com.zaxxer.hikari.HikariDataSource.getConnection(HikariDataSource.java:95)
	at com.p6spy.engine.spy.P6DataSource.getConnection(P6DataSource.java:300)
	at org.springframework.jdbc.datasource.DelegatingDataSource.getConnection(DelegatingDataSource.java:101)
	at org.springframework.jdbc.datasource.DataSourceUtils.fetchConnection(DataSourceUtils.java:160)
	at org.springframework.jdbc.datasource.DataSourceUtils.doGetConnection(DataSourceUtils.java:118)
	at org.springframework.jdbc.datasource.DataSourceUtils.getConnection(DataSourceUtils.java:81)
	... 47 common frames omitted
25-04-22 13:08:49.069 [background-preinit] INFO  o.h.validator.internal.util.Version [ |  | ] - HV000001: Hibernate Validator 8.0.2.Final
25-04-22 13:08:49.116 [main] INFO  c.s.p.s.Sb01MonewTeam6Application [ |  | ] - Starting Sb01MonewTeam6Application v0.0.1 using Java 17.0.12 with PID 4972 (C:\Users\tjf78\Github\sb01-monew-team6\build\classes\java\main started by tjf78 in C:\Users\tjf78\Github\sb01-monew-team6)
25-04-22 13:08:49.117 [main] INFO  c.s.p.s.Sb01MonewTeam6Application [ |  | ] - The following 1 profile is active: "dev"
25-04-22 13:08:49.990 [main] INFO  o.s.d.r.c.RepositoryConfigurationDelegate [ |  | ] - Multiple Spring Data modules found, entering strict repository configuration mode
25-04-22 13:08:49.992 [main] INFO  o.s.d.r.c.RepositoryConfigurationDelegate [ |  | ] - Bootstrapping Spring Data JPA repositories in DEFAULT mode.
25-04-22 13:08:50.011 [main] INFO  o.s.d.r.c.RepositoryConfigurationDelegate [ |  | ] - Finished Spring Data repository scanning in 12 ms. Found 0 JPA repository interfaces.
25-04-22 13:08:50.015 [main] INFO  o.s.d.r.c.RepositoryConfigurationDelegate [ |  | ] - Multiple Spring Data modules found, entering strict repository configuration mode
25-04-22 13:08:50.016 [main] INFO  o.s.d.r.c.RepositoryConfigurationDelegate [ |  | ] - Bootstrapping Spring Data MongoDB repositories in DEFAULT mode.
25-04-22 13:08:50.019 [main] INFO  o.s.d.r.c.RepositoryConfigurationDelegate [ |  | ] - Finished Spring Data repository scanning in 2 ms. Found 0 MongoDB repository interfaces.
25-04-22 13:08:50.644 [main] INFO  o.s.b.w.e.tomcat.TomcatWebServer [ |  | ] - Tomcat initialized with port 8080 (http)
25-04-22 13:08:50.646 [main] INFO  o.a.c.core.AprLifecycleListener [ |  | ] - Loaded Apache Tomcat Native library [2.0.8] using APR version [1.7.4].
25-04-22 13:08:50.649 [main] INFO  o.a.c.core.AprLifecycleListener [ |  | ] - OpenSSL successfully initialized [OpenSSL 3.0.14 4 Jun 2024]
25-04-22 13:08:50.656 [main] INFO  o.a.coyote.http11.Http11NioProtocol [ |  | ] - Initializing ProtocolHandler ["http-nio-8080"]
25-04-22 13:08:50.657 [main] INFO  o.a.catalina.core.StandardService [ |  | ] - Starting service [Tomcat]
25-04-22 13:08:50.657 [main] INFO  o.a.catalina.core.StandardEngine [ |  | ] - Starting Servlet engine: [Apache Tomcat/10.1.39]
25-04-22 13:08:50.712 [main] INFO  o.a.c.c.C.[Tomcat].[localhost].[/] [ |  | ] - Initializing Spring embedded WebApplicationContext
25-04-22 13:08:50.712 [main] INFO  o.s.b.w.s.c.ServletWebServerApplicationContext [ |  | ] - Root WebApplicationContext: initialization completed in 1562 ms
25-04-22 13:08:50.938 [main] INFO  com.zaxxer.hikari.HikariDataSource [ |  | ] - HikariPool-1 - Starting...
25-04-22 13:08:51.091 [main] INFO  com.zaxxer.hikari.pool.HikariPool [ |  | ] - HikariPool-1 - Added connection conn0: url=jdbc:h2:mem:888f7aae-8db4-4ac1-862e-e0ee0d58c412 user=SA
25-04-22 13:08:51.092 [main] INFO  com.zaxxer.hikari.HikariDataSource [ |  | ] - HikariPool-1 - Start completed.
25-04-22 13:08:51.122 [main] INFO  p6spy [ |  | ] - #1745294931122 | took 9ms | statement | connection 2| url jdbc:h2:mem:888f7aae-8db4-4ac1-862e-e0ee0d58c412
CREATE TABLE BATCH_JOB_INSTANCE ( JOB_INSTANCE_ID BIGINT GENERATED BY DEFAULT AS IDENTITY PRIMARY KEY , VERSION BIGINT , JOB_NAME VARCHAR(100) NOT NULL, JOB_KEY VARCHAR(32) NOT NULL, constraint JOB_INST_UN unique (JOB_NAME, JOB_KEY) ) 
CREATE TABLE BATCH_JOB_INSTANCE ( JOB_INSTANCE_ID BIGINT GENERATED BY DEFAULT AS IDENTITY PRIMARY KEY , VERSION BIGINT , JOB_NAME VARCHAR(100) NOT NULL, JOB_KEY VARCHAR(32) NOT NULL, constraint JOB_INST_UN unique (JOB_NAME, JOB_KEY) ) ;
25-04-22 13:08:51.135 [main] INFO  p6spy [ |  | ] - #1745294931135 | took 12ms | statement | connection 2| url jdbc:h2:mem:888f7aae-8db4-4ac1-862e-e0ee0d58c412
CREATE TABLE BATCH_JOB_EXECUTION ( JOB_EXECUTION_ID BIGINT GENERATED BY DEFAULT AS IDENTITY PRIMARY KEY , VERSION BIGINT , JOB_INSTANCE_ID BIGINT NOT NULL, CREATE_TIME TIMESTAMP(9) NOT NULL, START_TIME TIMESTAMP(9) DEFAULT NULL , END_TIME TIMESTAMP(9) DEFAULT NULL , STATUS VARCHAR(10) , EXIT_CODE VARCHAR(2500) , EXIT_MESSAGE VARCHAR(2500) , LAST_UPDATED TIMESTAMP(9), constraint JOB_INST_EXEC_FK foreign key (JOB_INSTANCE_ID) references BATCH_JOB_INSTANCE(JOB_INSTANCE_ID) ) 
CREATE TABLE BATCH_JOB_EXECUTION ( JOB_EXECUTION_ID BIGINT GENERATED BY DEFAULT AS IDENTITY PRIMARY KEY , VERSION BIGINT , JOB_INSTANCE_ID BIGINT NOT NULL, CREATE_TIME TIMESTAMP(9) NOT NULL, START_TIME TIMESTAMP(9) DEFAULT NULL , END_TIME TIMESTAMP(9) DEFAULT NULL , STATUS VARCHAR(10) , EXIT_CODE VARCHAR(2500) , EXIT_MESSAGE VARCHAR(2500) , LAST_UPDATED TIMESTAMP(9), constraint JOB_INST_EXEC_FK foreign key (JOB_INSTANCE_ID) references BATCH_JOB_INSTANCE(JOB_INSTANCE_ID) ) ;
25-04-22 13:08:51.137 [main] INFO  p6spy [ |  | ] - #1745294931137 | took 1ms | statement | connection 2| url jdbc:h2:mem:888f7aae-8db4-4ac1-862e-e0ee0d58c412
CREATE TABLE BATCH_JOB_EXECUTION_PARAMS ( JOB_EXECUTION_ID BIGINT NOT NULL , PARAMETER_NAME VARCHAR(100) NOT NULL , PARAMETER_TYPE VARCHAR(100) NOT NULL , PARAMETER_VALUE VARCHAR(2500) , IDENTIFYING CHAR(1) NOT NULL , constraint JOB_EXEC_PARAMS_FK foreign key (JOB_EXECUTION_ID) references BATCH_JOB_EXECUTION(JOB_EXECUTION_ID) ) 
CREATE TABLE BATCH_JOB_EXECUTION_PARAMS ( JOB_EXECUTION_ID BIGINT NOT NULL , PARAMETER_NAME VARCHAR(100) NOT NULL , PARAMETER_TYPE VARCHAR(100) NOT NULL , PARAMETER_VALUE VARCHAR(2500) , IDENTIFYING CHAR(1) NOT NULL , constraint JOB_EXEC_PARAMS_FK foreign key (JOB_EXECUTION_ID) references BATCH_JOB_EXECUTION(JOB_EXECUTION_ID) ) ;
25-04-22 13:08:51.139 [main] INFO  p6spy [ |  | ] - #1745294931139 | took 1ms | statement | connection 2| url jdbc:h2:mem:888f7aae-8db4-4ac1-862e-e0ee0d58c412
CREATE TABLE BATCH_STEP_EXECUTION ( STEP_EXECUTION_ID BIGINT GENERATED BY DEFAULT AS IDENTITY PRIMARY KEY , VERSION BIGINT NOT NULL, STEP_NAME VARCHAR(100) NOT NULL, JOB_EXECUTION_ID BIGINT NOT NULL, CREATE_TIME TIMESTAMP(9) NOT NULL, START_TIME TIMESTAMP(9) DEFAULT NULL , END_TIME TIMESTAMP(9) DEFAULT NULL , STATUS VARCHAR(10) , COMMIT_COUNT BIGINT , READ_COUNT BIGINT , FILTER_COUNT BIGINT , WRITE_COUNT BIGINT , READ_SKIP_COUNT BIGINT , WRITE_SKIP_COUNT BIGINT , PROCESS_SKIP_COUNT BIGINT , ROLLBACK_COUNT BIGINT , EXIT_CODE VARCHAR(2500) , EXIT_MESSAGE VARCHAR(2500) , LAST_UPDATED TIMESTAMP(9), constraint JOB_EXEC_STEP_FK foreign key (JOB_EXECUTION_ID) references BATCH_JOB_EXECUTION(JOB_EXECUTION_ID) ) 
CREATE TABLE BATCH_STEP_EXECUTION ( STEP_EXECUTION_ID BIGINT GENERATED BY DEFAULT AS IDENTITY PRIMARY KEY , VERSION BIGINT NOT NULL, STEP_NAME VARCHAR(100) NOT NULL, JOB_EXECUTION_ID BIGINT NOT NULL, CREATE_TIME TIMESTAMP(9) NOT NULL, START_TIME TIMESTAMP(9) DEFAULT NULL , END_TIME TIMESTAMP(9) DEFAULT NULL , STATUS VARCHAR(10) , COMMIT_COUNT BIGINT , READ_COUNT BIGINT , FILTER_COUNT BIGINT , WRITE_COUNT BIGINT , READ_SKIP_COUNT BIGINT , WRITE_SKIP_COUNT BIGINT , PROCESS_SKIP_COUNT BIGINT , ROLLBACK_COUNT BIGINT , EXIT_CODE VARCHAR(2500) , EXIT_MESSAGE VARCHAR(2500) , LAST_UPDATED TIMESTAMP(9), constraint JOB_EXEC_STEP_FK foreign key (JOB_EXECUTION_ID) references BATCH_JOB_EXECUTION(JOB_EXECUTION_ID) ) ;
25-04-22 13:08:51.140 [main] INFO  p6spy [ |  | ] - #1745294931140 | took 0ms | statement | connection 2| url jdbc:h2:mem:888f7aae-8db4-4ac1-862e-e0ee0d58c412
CREATE TABLE BATCH_STEP_EXECUTION_CONTEXT ( STEP_EXECUTION_ID BIGINT NOT NULL PRIMARY KEY, SHORT_CONTEXT VARCHAR(2500) NOT NULL, SERIALIZED_CONTEXT LONGVARCHAR , constraint STEP_EXEC_CTX_FK foreign key (STEP_EXECUTION_ID) references BATCH_STEP_EXECUTION(STEP_EXECUTION_ID) ) 
CREATE TABLE BATCH_STEP_EXECUTION_CONTEXT ( STEP_EXECUTION_ID BIGINT NOT NULL PRIMARY KEY, SHORT_CONTEXT VARCHAR(2500) NOT NULL, SERIALIZED_CONTEXT LONGVARCHAR , constraint STEP_EXEC_CTX_FK foreign key (STEP_EXECUTION_ID) references BATCH_STEP_EXECUTION(STEP_EXECUTION_ID) ) ;
25-04-22 13:08:51.142 [main] INFO  p6spy [ |  | ] - #1745294931142 | took 0ms | statement | connection 2| url jdbc:h2:mem:888f7aae-8db4-4ac1-862e-e0ee0d58c412
CREATE TABLE BATCH_JOB_EXECUTION_CONTEXT ( JOB_EXECUTION_ID BIGINT NOT NULL PRIMARY KEY, SHORT_CONTEXT VARCHAR(2500) NOT NULL, SERIALIZED_CONTEXT LONGVARCHAR , constraint JOB_EXEC_CTX_FK foreign key (JOB_EXECUTION_ID) references BATCH_JOB_EXECUTION(JOB_EXECUTION_ID) ) 
CREATE TABLE BATCH_JOB_EXECUTION_CONTEXT ( JOB_EXECUTION_ID BIGINT NOT NULL PRIMARY KEY, SHORT_CONTEXT VARCHAR(2500) NOT NULL, SERIALIZED_CONTEXT LONGVARCHAR , constraint JOB_EXEC_CTX_FK foreign key (JOB_EXECUTION_ID) references BATCH_JOB_EXECUTION(JOB_EXECUTION_ID) ) ;
25-04-22 13:08:51.142 [main] INFO  p6spy [ |  | ] - #1745294931142 | took 0ms | statement | connection 2| url jdbc:h2:mem:888f7aae-8db4-4ac1-862e-e0ee0d58c412
CREATE SEQUENCE BATCH_STEP_EXECUTION_SEQ
CREATE SEQUENCE BATCH_STEP_EXECUTION_SEQ;
25-04-22 13:08:51.143 [main] INFO  p6spy [ |  | ] - #1745294931143 | took 0ms | statement | connection 2| url jdbc:h2:mem:888f7aae-8db4-4ac1-862e-e0ee0d58c412
CREATE SEQUENCE BATCH_JOB_EXECUTION_SEQ
CREATE SEQUENCE BATCH_JOB_EXECUTION_SEQ;
25-04-22 13:08:51.143 [main] INFO  p6spy [ |  | ] - #1745294931143 | took 0ms | statement | connection 2| url jdbc:h2:mem:888f7aae-8db4-4ac1-862e-e0ee0d58c412
CREATE SEQUENCE BATCH_JOB_SEQ
CREATE SEQUENCE BATCH_JOB_SEQ;
25-04-22 13:08:51.213 [main] INFO  o.h.jpa.internal.util.LogHelper [ |  | ] - HHH000204: Processing PersistenceUnitInfo [name: default]
25-04-22 13:08:51.254 [main] INFO  org.hibernate.Version [ |  | ] - HHH000412: Hibernate ORM core version 6.6.11.Final
25-04-22 13:08:51.281 [main] INFO  o.h.c.i.RegionFactoryInitiator [ |  | ] - HHH000026: Second-level cache disabled
25-04-22 13:08:51.586 [main] INFO  o.s.o.j.p.SpringPersistenceUnitInfo [ |  | ] - No LoadTimeWeaver setup: ignoring JPA class transformer
25-04-22 13:08:51.681 [main] INFO  o.hibernate.orm.connections.pooling [ |  | ] - HHH10001005: Database info:
	Database JDBC URL [Connecting through datasource 'p6SpyDataSourceDecorator [com.p6spy.engine.spy.P6DataSource] -> dataSource [com.zaxxer.hikari.HikariDataSource]']
	Database driver: undefined/unknown
	Database version: 2.3.232
	Autocommit mode: undefined/unknown
	Isolation level: undefined/unknown
	Minimum pool size: undefined/unknown
	Maximum pool size: undefined/unknown
25-04-22 13:08:52.022 [main] INFO  o.h.e.t.j.p.i.JtaPlatformInitiator [ |  | ] - HHH000489: No JTA platform available (set 'hibernate.transaction.jta.platform' to enable JTA platform integration)
25-04-22 13:08:52.027 [main] INFO  o.s.o.j.LocalContainerEntityManagerFactoryBean [ |  | ] - Initialized JPA EntityManagerFactory for persistence unit 'default'
25-04-22 13:08:52.705 [cluster-ClusterId{value='680716544c6a6d3e4e07c39b', description='null'}-localhost:27017] INFO  org.mongodb.driver.cluster [ |  | ] - Exception in monitor thread while connecting to server localhost:27017
com.mongodb.MongoSocketOpenException: Exception opening socket
	at com.mongodb.internal.connection.SocketStream.lambda$open$0(SocketStream.java:85)
	at java.base/java.util.Optional.orElseThrow(Optional.java:403)
	at com.mongodb.internal.connection.SocketStream.open(SocketStream.java:85)
	at com.mongodb.internal.connection.InternalStreamConnection.open(InternalStreamConnection.java:233)
	at com.mongodb.internal.connection.DefaultServerMonitor$ServerMonitor.lookupServerDescription(DefaultServerMonitor.java:219)
	at com.mongodb.internal.connection.DefaultServerMonitor$ServerMonitor.run(DefaultServerMonitor.java:176)
Caused by: java.net.ConnectException: Connection refused: no further information
	at java.base/sun.nio.ch.Net.pollConnect(Native Method)
	at java.base/sun.nio.ch.Net.pollConnectNow(Net.java:672)
	at java.base/sun.nio.ch.NioSocketImpl.timedFinishConnect(NioSocketImpl.java:547)
	at java.base/sun.nio.ch.NioSocketImpl.connect(NioSocketImpl.java:602)
	at java.base/java.net.SocksSocketImpl.connect(SocksSocketImpl.java:327)
	at java.base/java.net.Socket.connect(Socket.java:633)
	at com.mongodb.internal.connection.SocketStreamHelper.initialize(SocketStreamHelper.java:76)
	at com.mongodb.internal.connection.SocketStream.initializeSocket(SocketStream.java:104)
	at com.mongodb.internal.connection.SocketStream.open(SocketStream.java:79)
	... 3 common frames omitted
25-04-22 13:08:52.711 [main] INFO  org.mongodb.driver.client [ |  | ] - MongoClient with metadata {"driver": {"name": "mongo-java-driver|sync|spring-boot", "version": "5.2.1"}, "os": {"type": "Windows", "name": "Windows 11", "architecture": "amd64", "version": "10.0"}, "platform": "Java/Oracle Corporation/17.0.12+8-LTS-286"} created with settings MongoClientSettings{readPreference=primary, writeConcern=WriteConcern{w=null, wTimeout=null ms, journal=null}, retryWrites=true, retryReads=true, readConcern=ReadConcern{level=null}, credential=null, transportSettings=null, commandListeners=[io.micrometer.core.instrument.binder.mongodb.MongoMetricsCommandListener@36d7e8d2], codecRegistry=ProvidersCodecRegistry{codecProviders=[ValueCodecProvider{}, BsonValueCodecProvider{}, DBRefCodecProvider{}, DBObjectCodecProvider{}, DocumentCodecProvider{}, CollectionCodecProvider{}, IterableCodecProvider{}, MapCodecProvider{}, GeoJsonCodecProvider{}, GridFSFileCodecProvider{}, Jsr310CodecProvider{}, JsonObjectCodecProvider{}, BsonCodecProvider{}, EnumCodecProvider{}, com.mongodb.client.model.mql.ExpressionCodecProvider@65130cf2, com.mongodb.Jep395RecordCodecProvider@19412eef, com.mongodb.KotlinCodecProvider@542b27af]}, loggerSettings=LoggerSettings{maxDocumentLength=1000}, clusterSettings={hosts=[localhost:27017], srvServiceName=mongodb, mode=SINGLE, requiredClusterType=UNKNOWN, requiredReplicaSetName='null', serverSelector='null', clusterListeners='[]', serverSelectionTimeout='30000 ms', localThreshold='15 ms'}, socketSettings=SocketSettings{connectTimeoutMS=10000, readTimeoutMS=0, receiveBufferSize=0, proxySettings=ProxySettings{host=null, port=null, username=null, password=null}}, heartbeatSocketSettings=SocketSettings{connectTimeoutMS=10000, readTimeoutMS=10000, receiveBufferSize=0, proxySettings=ProxySettings{host=null, port=null, username=null, password=null}}, connectionPoolSettings=ConnectionPoolSettings{maxSize=100, minSize=0, maxWaitTimeMS=120000, maxConnectionLifeTimeMS=0, maxConnectionIdleTimeMS=0, maintenanceInitialDelayMS=0, maintenanceFrequencyMS=60000, connectionPoolListeners=[io.micrometer.core.instrument.binder.mongodb.MongoMetricsConnectionPoolListener@4822fc53], maxConnecting=2}, serverSettings=ServerSettings{heartbeatFrequencyMS=10000, minHeartbeatFrequencyMS=500, serverMonitoringMode=AUTO, serverListeners='[]', serverMonitorListeners='[]'}, sslSettings=SslSettings{enabled=false, invalidHostNameAllowed=false, context=null}, applicationName='null', compressorList=[], uuidRepresentation=JAVA_LEGACY, serverApi=null, autoEncryptionSettings=null, dnsClient=null, inetAddressResolver=null, contextProvider=null, timeoutMS=null}
25-04-22 13:08:53.187 [main] INFO  o.s.b.a.e.web.EndpointLinksResolver [ |  | ] - Exposing 1 endpoint beneath base path '/actuator'
25-04-22 13:08:53.237 [main] INFO  o.a.coyote.http11.Http11NioProtocol [ |  | ] - Starting ProtocolHandler ["http-nio-8080"]
25-04-22 13:08:53.251 [main] INFO  o.s.b.w.e.tomcat.TomcatWebServer [ |  | ] - Tomcat started on port 8080 (http) with context path '/'
25-04-22 13:08:53.264 [main] INFO  c.s.p.s.Sb01MonewTeam6Application [ |  | ] - Started Sb01MonewTeam6Application in 4.74 seconds (process running for 5.236)
25-04-22 13:08:53.268 [main] INFO  o.s.b.a.b.JobLauncherApplicationRunner [ |  | ] - Running default command line with: []
25-04-22 13:08:53.726 [RMI TCP Connection(1)-222.96.116.192] INFO  o.a.c.c.C.[Tomcat].[localhost].[/] [ |  | ] - Initializing Spring DispatcherServlet 'dispatcherServlet'
25-04-22 13:08:53.726 [RMI TCP Connection(1)-222.96.116.192] INFO  o.s.web.servlet.DispatcherServlet [ |  | ] - Initializing Servlet 'dispatcherServlet'
25-04-22 13:08:53.727 [RMI TCP Connection(1)-222.96.116.192] INFO  o.s.web.servlet.DispatcherServlet [ |  | ] - Completed initialization in 1 ms
25-04-22 13:08:53.770 [RMI TCP Connection(4)-222.96.116.192] INFO  org.mongodb.driver.cluster [ |  | ] - Waiting for server to become available for operation with ID 3. Remaining time: 29995 ms. Selector: ReadPreferenceServerSelector{readPreference=primary}, topology description: {type=UNKNOWN, servers=[{address=localhost:27017, type=UNKNOWN, state=CONNECTING, exception={com.mongodb.MongoSocketOpenException: Exception opening socket}, caused by {java.net.ConnectException: Connection refused: no further information}}].
25-04-22 13:09:12.329 [SpringApplicationShutdownHook] INFO  o.s.b.w.e.tomcat.GracefulShutdown [ |  | ] - Commencing graceful shutdown. Waiting for active requests to complete
25-04-22 13:09:12.481 [tomcat-shutdown] INFO  o.s.b.w.e.tomcat.GracefulShutdown [ |  | ] - Graceful shutdown complete
25-04-22 13:09:12.487 [RMI TCP Connection(4)-222.96.116.192] WARN  o.s.b.a.d.mongo.MongoHealthIndicator [ |  | ] - MongoDB health check failed
org.springframework.data.mongodb.ClientSessionException: state should be: open
	at org.springframework.data.mongodb.core.MongoExceptionTranslator.doTranslateException(MongoExceptionTranslator.java:159)
	at org.springframework.data.mongodb.core.MongoExceptionTranslator.translateExceptionIfPossible(MongoExceptionTranslator.java:74)
	at org.springframework.data.mongodb.core.MongoTemplate.potentiallyConvertRuntimeException(MongoTemplate.java:3017)
	at org.springframework.data.mongodb.core.MongoTemplate.execute(MongoTemplate.java:584)
	at org.springframework.data.mongodb.core.MongoTemplate.executeCommand(MongoTemplate.java:516)
	at org.springframework.boot.actuate.data.mongo.MongoHealthIndicator.doHealthCheck(MongoHealthIndicator.java:46)
	at org.springframework.boot.actuate.health.AbstractHealthIndicator.health(AbstractHealthIndicator.java:82)
	at org.springframework.boot.actuate.health.HealthIndicator.getHealth(HealthIndicator.java:37)
	at org.springframework.boot.actuate.health.HealthEndpoint.getHealth(HealthEndpoint.java:82)
	at org.springframework.boot.actuate.health.HealthEndpoint.getHealth(HealthEndpoint.java:41)
	at org.springframework.boot.actuate.health.HealthEndpointSupport.getLoggedHealth(HealthEndpointSupport.java:172)
	at org.springframework.boot.actuate.health.HealthEndpointSupport.getContribution(HealthEndpointSupport.java:145)
	at org.springframework.boot.actuate.health.HealthEndpointSupport.getAggregateContribution(HealthEndpointSupport.java:156)
	at org.springframework.boot.actuate.health.HealthEndpointSupport.getContribution(HealthEndpointSupport.java:141)
	at org.springframework.boot.actuate.health.HealthEndpointSupport.getHealth(HealthEndpointSupport.java:110)
	at org.springframework.boot.actuate.health.HealthEndpointSupport.getHealth(HealthEndpointSupport.java:81)
	at org.springframework.boot.actuate.health.HealthEndpoint.health(HealthEndpoint.java:76)
	at org.springframework.boot.actuate.health.HealthEndpoint.health(HealthEndpoint.java:66)
	at java.base/jdk.internal.reflect.NativeMethodAccessorImpl.invoke0(Native Method)
	at java.base/jdk.internal.reflect.NativeMethodAccessorImpl.invoke(NativeMethodAccessorImpl.java:77)
	at java.base/jdk.internal.reflect.DelegatingMethodAccessorImpl.invoke(DelegatingMethodAccessorImpl.java:43)
	at java.base/java.lang.reflect.Method.invoke(Method.java:568)
	at org.springframework.util.ReflectionUtils.invokeMethod(ReflectionUtils.java:281)
	at org.springframework.boot.actuate.endpoint.invoke.reflect.ReflectiveOperationInvoker.invoke(ReflectiveOperationInvoker.java:74)
	at org.springframework.boot.actuate.endpoint.annotation.AbstractDiscoveredOperation.invoke(AbstractDiscoveredOperation.java:60)
	at org.springframework.boot.actuate.endpoint.jmx.EndpointMBean.invoke(EndpointMBean.java:124)
	at org.springframework.boot.actuate.endpoint.jmx.EndpointMBean.invoke(EndpointMBean.java:97)
	at java.management/com.sun.jmx.interceptor.DefaultMBeanServerInterceptor.invoke(DefaultMBeanServerInterceptor.java:814)
	at java.management/com.sun.jmx.mbeanserver.JmxMBeanServer.invoke(JmxMBeanServer.java:802)
	at java.management.rmi/javax.management.remote.rmi.RMIConnectionImpl.doOperation(RMIConnectionImpl.java:1472)
	at java.management.rmi/javax.management.remote.rmi.RMIConnectionImpl$PrivilegedOperation.run(RMIConnectionImpl.java:1310)
	at java.management.rmi/javax.management.remote.rmi.RMIConnectionImpl.doPrivilegedOperation(RMIConnectionImpl.java:1405)
	at java.management.rmi/javax.management.remote.rmi.RMIConnectionImpl.invoke(RMIConnectionImpl.java:829)
	at java.base/jdk.internal.reflect.GeneratedMethodAccessor29.invoke(Unknown Source)
	at java.base/jdk.internal.reflect.DelegatingMethodAccessorImpl.invoke(DelegatingMethodAccessorImpl.java:43)
	at java.base/java.lang.reflect.Method.invoke(Method.java:568)
	at java.rmi/sun.rmi.server.UnicastServerRef.dispatch(UnicastServerRef.java:360)
	at java.rmi/sun.rmi.transport.Transport$1.run(Transport.java:200)
	at java.rmi/sun.rmi.transport.Transport$1.run(Transport.java:197)
	at java.base/java.security.AccessController.doPrivileged(AccessController.java:712)
	at java.rmi/sun.rmi.transport.Transport.serviceCall(Transport.java:196)
	at java.rmi/sun.rmi.transport.tcp.TCPTransport.handleMessages(TCPTransport.java:587)
	at java.rmi/sun.rmi.transport.tcp.TCPTransport$ConnectionHandler.run0(TCPTransport.java:828)
	at java.rmi/sun.rmi.transport.tcp.TCPTransport$ConnectionHandler.lambda$run$0(TCPTransport.java:705)
	at java.base/java.security.AccessController.doPrivileged(AccessController.java:399)
	at java.rmi/sun.rmi.transport.tcp.TCPTransport$ConnectionHandler.run(TCPTransport.java:704)
	at java.base/java.util.concurrent.ThreadPoolExecutor.runWorker(ThreadPoolExecutor.java:1136)
	at java.base/java.util.concurrent.ThreadPoolExecutor$Worker.run(ThreadPoolExecutor.java:635)
	at java.base/java.lang.Thread.run(Thread.java:842)
Caused by: java.lang.IllegalStateException: state should be: open
	at com.mongodb.assertions.Assertions.isTrue(Assertions.java:91)
	at com.mongodb.internal.connection.SingleServerCluster.getServersSnapshot(SingleServerCluster.java:76)
	at com.mongodb.internal.connection.BaseCluster.createCompleteSelectorAndSelectServer(BaseCluster.java:330)
	at com.mongodb.internal.connection.BaseCluster.selectServer(BaseCluster.java:135)
	at com.mongodb.internal.connection.SingleServerCluster.selectServer(SingleServerCluster.java:47)
	at com.mongodb.internal.binding.ClusterBinding.getReadConnectionSource(ClusterBinding.java:82)
	at com.mongodb.client.internal.ClientSessionBinding.getConnectionSource(ClientSessionBinding.java:108)
	at com.mongodb.client.internal.ClientSessionBinding.getReadConnectionSource(ClientSessionBinding.java:88)
	at com.mongodb.internal.operation.SyncOperationHelper.withSuppliedResource(SyncOperationHelper.java:148)
	at com.mongodb.internal.operation.SyncOperationHelper.withSourceAndConnection(SyncOperationHelper.java:129)
	at com.mongodb.internal.operation.SyncOperationHelper.lambda$executeRetryableRead$4(SyncOperationHelper.java:195)
	at com.mongodb.internal.operation.SyncOperationHelper.lambda$decorateReadWithRetries$13(SyncOperationHelper.java:317)
	at com.mongodb.internal.async.function.RetryingSyncSupplier.get(RetryingSyncSupplier.java:67)
	at com.mongodb.internal.operation.SyncOperationHelper.executeRetryableRead(SyncOperationHelper.java:201)
	at com.mongodb.internal.operation.SyncOperationHelper.executeRetryableRead(SyncOperationHelper.java:180)
	at com.mongodb.internal.operation.CommandReadOperation.execute(CommandReadOperation.java:52)
	at com.mongodb.client.internal.MongoClusterImpl$OperationExecutorImpl.execute(MongoClusterImpl.java:358)
	at com.mongodb.client.internal.MongoDatabaseImpl.executeCommand(MongoDatabaseImpl.java:215)
	at com.mongodb.client.internal.MongoDatabaseImpl.runCommand(MongoDatabaseImpl.java:184)
	at com.mongodb.client.internal.MongoDatabaseImpl.runCommand(MongoDatabaseImpl.java:179)
	at org.springframework.data.mongodb.core.MongoTemplate.lambda$executeCommand$3(MongoTemplate.java:516)
	at org.springframework.data.mongodb.core.MongoTemplate.execute(MongoTemplate.java:582)
	... 45 common frames omitted
25-04-22 13:09:12.488 [SpringApplicationShutdownHook] INFO  o.s.o.j.LocalContainerEntityManagerFactoryBean [ |  | ] - Closing JPA EntityManagerFactory for persistence unit 'default'
25-04-22 13:09:12.491 [SpringApplicationShutdownHook] INFO  com.zaxxer.hikari.HikariDataSource [ |  | ] - HikariPool-1 - Shutdown initiated...
25-04-22 13:09:12.492 [SpringApplicationShutdownHook] INFO  com.zaxxer.hikari.HikariDataSource [ |  | ] - HikariPool-1 - Shutdown completed.
25-04-22 13:09:12.492 [RMI TCP Connection(4)-222.96.116.192] WARN  o.s.b.a.health.HealthEndpointSupport [ |  | ] - Health contributor org.springframework.boot.actuate.data.mongo.MongoHealthIndicator (mongo) took 18759ms to respond
25-04-22 13:09:12.494 [RMI TCP Connection(4)-222.96.116.192] WARN  o.s.b.a.j.DataSourceHealthIndicator [ |  | ] - DataSource health check failed
org.springframework.jdbc.CannotGetJdbcConnectionException: Failed to obtain JDBC Connection
	at org.springframework.jdbc.datasource.DataSourceUtils.getConnection(DataSourceUtils.java:84)
	at org.springframework.jdbc.core.JdbcTemplate.execute(JdbcTemplate.java:342)
	at org.springframework.boot.actuate.jdbc.DataSourceHealthIndicator.getProduct(DataSourceHealthIndicator.java:122)
	at org.springframework.boot.actuate.jdbc.DataSourceHealthIndicator.doDataSourceHealthCheck(DataSourceHealthIndicator.java:105)
	at org.springframework.boot.actuate.jdbc.DataSourceHealthIndicator.doHealthCheck(DataSourceHealthIndicator.java:100)
	at org.springframework.boot.actuate.health.AbstractHealthIndicator.health(AbstractHealthIndicator.java:82)
	at org.springframework.boot.actuate.health.HealthIndicator.getHealth(HealthIndicator.java:37)
	at org.springframework.boot.actuate.health.HealthEndpoint.getHealth(HealthEndpoint.java:82)
	at org.springframework.boot.actuate.health.HealthEndpoint.getHealth(HealthEndpoint.java:41)
	at org.springframework.boot.actuate.health.HealthEndpointSupport.getLoggedHealth(HealthEndpointSupport.java:172)
	at org.springframework.boot.actuate.health.HealthEndpointSupport.getContribution(HealthEndpointSupport.java:145)
	at org.springframework.boot.actuate.health.HealthEndpointSupport.getAggregateContribution(HealthEndpointSupport.java:156)
	at org.springframework.boot.actuate.health.HealthEndpointSupport.getContribution(HealthEndpointSupport.java:141)
	at org.springframework.boot.actuate.health.HealthEndpointSupport.getHealth(HealthEndpointSupport.java:110)
	at org.springframework.boot.actuate.health.HealthEndpointSupport.getHealth(HealthEndpointSupport.java:81)
	at org.springframework.boot.actuate.health.HealthEndpoint.health(HealthEndpoint.java:76)
	at org.springframework.boot.actuate.health.HealthEndpoint.health(HealthEndpoint.java:66)
	at java.base/jdk.internal.reflect.NativeMethodAccessorImpl.invoke0(Native Method)
	at java.base/jdk.internal.reflect.NativeMethodAccessorImpl.invoke(NativeMethodAccessorImpl.java:77)
	at java.base/jdk.internal.reflect.DelegatingMethodAccessorImpl.invoke(DelegatingMethodAccessorImpl.java:43)
	at java.base/java.lang.reflect.Method.invoke(Method.java:568)
	at org.springframework.util.ReflectionUtils.invokeMethod(ReflectionUtils.java:281)
	at org.springframework.boot.actuate.endpoint.invoke.reflect.ReflectiveOperationInvoker.invoke(ReflectiveOperationInvoker.java:74)
	at org.springframework.boot.actuate.endpoint.annotation.AbstractDiscoveredOperation.invoke(AbstractDiscoveredOperation.java:60)
	at org.springframework.boot.actuate.endpoint.jmx.EndpointMBean.invoke(EndpointMBean.java:124)
	at org.springframework.boot.actuate.endpoint.jmx.EndpointMBean.invoke(EndpointMBean.java:97)
	at java.management/com.sun.jmx.interceptor.DefaultMBeanServerInterceptor.invoke(DefaultMBeanServerInterceptor.java:814)
	at java.management/com.sun.jmx.mbeanserver.JmxMBeanServer.invoke(JmxMBeanServer.java:802)
	at java.management.rmi/javax.management.remote.rmi.RMIConnectionImpl.doOperation(RMIConnectionImpl.java:1472)
	at java.management.rmi/javax.management.remote.rmi.RMIConnectionImpl$PrivilegedOperation.run(RMIConnectionImpl.java:1310)
	at java.management.rmi/javax.management.remote.rmi.RMIConnectionImpl.doPrivilegedOperation(RMIConnectionImpl.java:1405)
	at java.management.rmi/javax.management.remote.rmi.RMIConnectionImpl.invoke(RMIConnectionImpl.java:829)
	at java.base/jdk.internal.reflect.GeneratedMethodAccessor29.invoke(Unknown Source)
	at java.base/jdk.internal.reflect.DelegatingMethodAccessorImpl.invoke(DelegatingMethodAccessorImpl.java:43)
	at java.base/java.lang.reflect.Method.invoke(Method.java:568)
	at java.rmi/sun.rmi.server.UnicastServerRef.dispatch(UnicastServerRef.java:360)
	at java.rmi/sun.rmi.transport.Transport$1.run(Transport.java:200)
	at java.rmi/sun.rmi.transport.Transport$1.run(Transport.java:197)
	at java.base/java.security.AccessController.doPrivileged(AccessController.java:712)
	at java.rmi/sun.rmi.transport.Transport.serviceCall(Transport.java:196)
	at java.rmi/sun.rmi.transport.tcp.TCPTransport.handleMessages(TCPTransport.java:587)
	at java.rmi/sun.rmi.transport.tcp.TCPTransport$ConnectionHandler.run0(TCPTransport.java:828)
	at java.rmi/sun.rmi.transport.tcp.TCPTransport$ConnectionHandler.lambda$run$0(TCPTransport.java:705)
	at java.base/java.security.AccessController.doPrivileged(AccessController.java:399)
	at java.rmi/sun.rmi.transport.tcp.TCPTransport$ConnectionHandler.run(TCPTransport.java:704)
	at java.base/java.util.concurrent.ThreadPoolExecutor.runWorker(ThreadPoolExecutor.java:1136)
	at java.base/java.util.concurrent.ThreadPoolExecutor$Worker.run(ThreadPoolExecutor.java:635)
	at java.base/java.lang.Thread.run(Thread.java:842)
Caused by: java.sql.SQLException: HikariDataSource HikariDataSource (HikariPool-1) has been closed.
	at com.zaxxer.hikari.HikariDataSource.getConnection(HikariDataSource.java:95)
	at com.p6spy.engine.spy.P6DataSource.getConnection(P6DataSource.java:300)
	at org.springframework.jdbc.datasource.DelegatingDataSource.getConnection(DelegatingDataSource.java:101)
	at org.springframework.jdbc.datasource.DataSourceUtils.fetchConnection(DataSourceUtils.java:160)
	at org.springframework.jdbc.datasource.DataSourceUtils.doGetConnection(DataSourceUtils.java:118)
	at org.springframework.jdbc.datasource.DataSourceUtils.getConnection(DataSourceUtils.java:81)
	... 47 common frames omitted
25-04-22 15:40:24.207 [background-preinit] INFO  o.h.validator.internal.util.Version [ |  | ] - HV000001: Hibernate Validator 8.0.2.Final
25-04-22 15:40:24.275 [main] INFO  c.s.p.s.Sb01MonewTeam6Application [ |  | ] - Starting Sb01MonewTeam6Application v0.0.1 using Java 17.0.12 with PID 3636 (C:\Users\tjf78\Github\sb01-monew-team6\build\classes\java\main started by tjf78 in C:\Users\tjf78\Github\sb01-monew-team6)
25-04-22 15:40:24.276 [main] INFO  c.s.p.s.Sb01MonewTeam6Application [ |  | ] - The following 1 profile is active: "dev"
25-04-22 15:40:25.210 [main] INFO  o.s.d.r.c.RepositoryConfigurationDelegate [ |  | ] - Multiple Spring Data modules found, entering strict repository configuration mode
25-04-22 15:40:25.211 [main] INFO  o.s.d.r.c.RepositoryConfigurationDelegate [ |  | ] - Bootstrapping Spring Data JPA repositories in DEFAULT mode.
25-04-22 15:40:25.240 [main] INFO  o.s.d.r.c.RepositoryConfigurationDelegate [ |  | ] - Finished Spring Data repository scanning in 20 ms. Found 0 JPA repository interfaces.
25-04-22 15:40:25.270 [main] INFO  o.s.d.r.c.RepositoryConfigurationDelegate [ |  | ] - Multiple Spring Data modules found, entering strict repository configuration mode
25-04-22 15:40:25.270 [main] INFO  o.s.d.r.c.RepositoryConfigurationDelegate [ |  | ] - Bootstrapping Spring Data MongoDB repositories in DEFAULT mode.
25-04-22 15:40:25.277 [main] INFO  o.s.d.r.c.RepositoryConfigurationDelegate [ |  | ] - Finished Spring Data repository scanning in 4 ms. Found 0 MongoDB repository interfaces.
25-04-22 15:40:26.212 [main] INFO  o.s.b.w.e.tomcat.TomcatWebServer [ |  | ] - Tomcat initialized with port 8080 (http)
25-04-22 15:40:26.216 [main] INFO  o.a.c.core.AprLifecycleListener [ |  | ] - Loaded Apache Tomcat Native library [2.0.8] using APR version [1.7.4].
25-04-22 15:40:26.220 [main] INFO  o.a.c.core.AprLifecycleListener [ |  | ] - OpenSSL successfully initialized [OpenSSL 3.0.14 4 Jun 2024]
25-04-22 15:40:26.233 [main] INFO  o.a.coyote.http11.Http11NioProtocol [ |  | ] - Initializing ProtocolHandler ["http-nio-8080"]
25-04-22 15:40:26.236 [main] INFO  o.a.catalina.core.StandardService [ |  | ] - Starting service [Tomcat]
25-04-22 15:40:26.236 [main] INFO  o.a.catalina.core.StandardEngine [ |  | ] - Starting Servlet engine: [Apache Tomcat/10.1.39]
25-04-22 15:40:26.322 [main] INFO  o.a.c.c.C.[Tomcat].[localhost].[/] [ |  | ] - Initializing Spring embedded WebApplicationContext
25-04-22 15:40:26.322 [main] INFO  o.s.b.w.s.c.ServletWebServerApplicationContext [ |  | ] - Root WebApplicationContext: initialization completed in 1988 ms
25-04-22 15:40:26.470 [main] INFO  com.zaxxer.hikari.HikariDataSource [ |  | ] - HikariPool-1 - Starting...
25-04-22 15:40:26.680 [main] INFO  com.zaxxer.hikari.pool.HikariPool [ |  | ] - HikariPool-1 - Added connection conn0: url=jdbc:h2:mem:12b1216d-53ca-4f0e-9874-8754969dd32b user=SA
25-04-22 15:40:26.684 [main] INFO  com.zaxxer.hikari.HikariDataSource [ |  | ] - HikariPool-1 - Start completed.
25-04-22 15:40:26.836 [main] INFO  o.h.jpa.internal.util.LogHelper [ |  | ] - HHH000204: Processing PersistenceUnitInfo [name: default]
25-04-22 15:40:26.899 [main] INFO  org.hibernate.Version [ |  | ] - HHH000412: Hibernate ORM core version 6.6.11.Final
25-04-22 15:40:26.937 [main] INFO  o.h.c.i.RegionFactoryInitiator [ |  | ] - HHH000026: Second-level cache disabled
25-04-22 15:40:27.213 [main] INFO  o.s.o.j.p.SpringPersistenceUnitInfo [ |  | ] - No LoadTimeWeaver setup: ignoring JPA class transformer
25-04-22 15:40:27.287 [main] INFO  o.hibernate.orm.connections.pooling [ |  | ] - HHH10001005: Database info:
	Database JDBC URL [Connecting through datasource 'HikariDataSource (HikariPool-1)']
	Database driver: undefined/unknown
	Database version: 2.3.232
	Autocommit mode: undefined/unknown
	Isolation level: undefined/unknown
	Minimum pool size: undefined/unknown
	Maximum pool size: undefined/unknown
25-04-22 15:40:27.679 [main] INFO  o.h.e.t.j.p.i.JtaPlatformInitiator [ |  | ] - HHH000489: No JTA platform available (set 'hibernate.transaction.jta.platform' to enable JTA platform integration)
25-04-22 15:40:27.686 [main] INFO  o.s.o.j.LocalContainerEntityManagerFactoryBean [ |  | ] - Initialized JPA EntityManagerFactory for persistence unit 'default'
25-04-22 15:40:27.796 [main] INFO  o.s.b.a.w.s.WelcomePageHandlerMapping [ |  | ] - Adding welcome page: class path resource [static/index.html]
25-04-22 15:40:28.305 [cluster-ClusterId{value='680739dce23075264bd7f2f6', description='null'}-localhost:27017] INFO  org.mongodb.driver.cluster [ |  | ] - Exception in monitor thread while connecting to server localhost:27017
com.mongodb.MongoSocketOpenException: Exception opening socket
	at com.mongodb.internal.connection.SocketStream.lambda$open$0(SocketStream.java:85)
	at java.base/java.util.Optional.orElseThrow(Optional.java:403)
	at com.mongodb.internal.connection.SocketStream.open(SocketStream.java:85)
	at com.mongodb.internal.connection.InternalStreamConnection.open(InternalStreamConnection.java:233)
	at com.mongodb.internal.connection.DefaultServerMonitor$ServerMonitor.lookupServerDescription(DefaultServerMonitor.java:219)
	at com.mongodb.internal.connection.DefaultServerMonitor$ServerMonitor.run(DefaultServerMonitor.java:176)
Caused by: java.net.ConnectException: Connection refused: no further information
	at java.base/sun.nio.ch.Net.pollConnect(Native Method)
	at java.base/sun.nio.ch.Net.pollConnectNow(Net.java:672)
	at java.base/sun.nio.ch.NioSocketImpl.timedFinishConnect(NioSocketImpl.java:547)
	at java.base/sun.nio.ch.NioSocketImpl.connect(NioSocketImpl.java:602)
	at java.base/java.net.SocksSocketImpl.connect(SocksSocketImpl.java:327)
	at java.base/java.net.Socket.connect(Socket.java:633)
	at com.mongodb.internal.connection.SocketStreamHelper.initialize(SocketStreamHelper.java:76)
	at com.mongodb.internal.connection.SocketStream.initializeSocket(SocketStream.java:104)
	at com.mongodb.internal.connection.SocketStream.open(SocketStream.java:79)
	... 3 common frames omitted
25-04-22 15:40:28.318 [main] INFO  org.mongodb.driver.client [ |  | ] - MongoClient with metadata {"driver": {"name": "mongo-java-driver|sync|spring-boot", "version": "5.2.1"}, "os": {"type": "Windows", "name": "Windows 11", "architecture": "amd64", "version": "10.0"}, "platform": "Java/Oracle Corporation/17.0.12+8-LTS-286"} created with settings MongoClientSettings{readPreference=primary, writeConcern=WriteConcern{w=null, wTimeout=null ms, journal=null}, retryWrites=true, retryReads=true, readConcern=ReadConcern{level=null}, credential=null, transportSettings=null, commandListeners=[], codecRegistry=ProvidersCodecRegistry{codecProviders=[ValueCodecProvider{}, BsonValueCodecProvider{}, DBRefCodecProvider{}, DBObjectCodecProvider{}, DocumentCodecProvider{}, CollectionCodecProvider{}, IterableCodecProvider{}, MapCodecProvider{}, GeoJsonCodecProvider{}, GridFSFileCodecProvider{}, Jsr310CodecProvider{}, JsonObjectCodecProvider{}, BsonCodecProvider{}, EnumCodecProvider{}, com.mongodb.client.model.mql.ExpressionCodecProvider@1a34772e, com.mongodb.Jep395RecordCodecProvider@401002ce, com.mongodb.KotlinCodecProvider@6870a76f]}, loggerSettings=LoggerSettings{maxDocumentLength=1000}, clusterSettings={hosts=[localhost:27017], srvServiceName=mongodb, mode=SINGLE, requiredClusterType=UNKNOWN, requiredReplicaSetName='null', serverSelector='null', clusterListeners='[]', serverSelectionTimeout='30000 ms', localThreshold='15 ms'}, socketSettings=SocketSettings{connectTimeoutMS=10000, readTimeoutMS=0, receiveBufferSize=0, proxySettings=ProxySettings{host=null, port=null, username=null, password=null}}, heartbeatSocketSettings=SocketSettings{connectTimeoutMS=10000, readTimeoutMS=10000, receiveBufferSize=0, proxySettings=ProxySettings{host=null, port=null, username=null, password=null}}, connectionPoolSettings=ConnectionPoolSettings{maxSize=100, minSize=0, maxWaitTimeMS=120000, maxConnectionLifeTimeMS=0, maxConnectionIdleTimeMS=0, maintenanceInitialDelayMS=0, maintenanceFrequencyMS=60000, connectionPoolListeners=[], maxConnecting=2}, serverSettings=ServerSettings{heartbeatFrequencyMS=10000, minHeartbeatFrequencyMS=500, serverMonitoringMode=AUTO, serverListeners='[]', serverMonitorListeners='[]'}, sslSettings=SslSettings{enabled=false, invalidHostNameAllowed=false, context=null}, applicationName='null', compressorList=[], uuidRepresentation=JAVA_LEGACY, serverApi=null, autoEncryptionSettings=null, dnsClient=null, inetAddressResolver=null, contextProvider=null, timeoutMS=null}
25-04-22 15:40:28.522 [main] INFO  o.a.coyote.http11.Http11NioProtocol [ |  | ] - Starting ProtocolHandler ["http-nio-8080"]
25-04-22 15:40:28.543 [main] INFO  o.s.b.w.e.tomcat.TomcatWebServer [ |  | ] - Tomcat started on port 8080 (http) with context path '/'
25-04-22 15:40:28.554 [main] INFO  c.s.p.s.Sb01MonewTeam6Application [ |  | ] - Started Sb01MonewTeam6Application in 5.092 seconds (process running for 5.757)
25-04-22 15:40:28.558 [main] INFO  o.s.b.a.b.JobLauncherApplicationRunner [ |  | ] - Running default command line with: []
25-04-22 15:46:00.320 [SpringApplicationShutdownHook] INFO  o.s.b.w.e.tomcat.GracefulShutdown [ |  | ] - Commencing graceful shutdown. Waiting for active requests to complete
25-04-22 15:46:00.514 [tomcat-shutdown] INFO  o.s.b.w.e.tomcat.GracefulShutdown [ |  | ] - Graceful shutdown complete
25-04-22 15:46:00.519 [SpringApplicationShutdownHook] INFO  o.s.o.j.LocalContainerEntityManagerFactoryBean [ |  | ] - Closing JPA EntityManagerFactory for persistence unit 'default'
25-04-22 15:46:00.521 [SpringApplicationShutdownHook] INFO  com.zaxxer.hikari.HikariDataSource [ |  | ] - HikariPool-1 - Shutdown initiated...
25-04-22 15:46:00.523 [SpringApplicationShutdownHook] INFO  com.zaxxer.hikari.HikariDataSource [ |  | ] - HikariPool-1 - Shutdown completed.
25-04-22 15:46:18.286 [background-preinit] INFO  o.h.validator.internal.util.Version [ |  | ] - HV000001: Hibernate Validator 8.0.2.Final
25-04-22 15:46:18.337 [main] INFO  c.s.p.s.Sb01MonewTeam6Application [ |  | ] - Starting Sb01MonewTeam6Application v0.0.1 using Java 17.0.12 with PID 19796 (C:\Users\tjf78\Github\sb01-monew-team6\build\classes\java\main started by tjf78 in C:\Users\tjf78\Github\sb01-monew-team6)
25-04-22 15:46:18.338 [main] INFO  c.s.p.s.Sb01MonewTeam6Application [ |  | ] - The following 1 profile is active: "dev"
25-04-22 15:46:19.166 [main] INFO  o.s.d.r.c.RepositoryConfigurationDelegate [ |  | ] - Multiple Spring Data modules found, entering strict repository configuration mode
25-04-22 15:46:19.167 [main] INFO  o.s.d.r.c.RepositoryConfigurationDelegate [ |  | ] - Bootstrapping Spring Data JPA repositories in DEFAULT mode.
25-04-22 15:46:19.187 [main] INFO  o.s.d.r.c.RepositoryConfigurationDelegate [ |  | ] - Finished Spring Data repository scanning in 13 ms. Found 0 JPA repository interfaces.
25-04-22 15:46:19.191 [main] INFO  o.s.d.r.c.RepositoryConfigurationDelegate [ |  | ] - Multiple Spring Data modules found, entering strict repository configuration mode
25-04-22 15:46:19.192 [main] INFO  o.s.d.r.c.RepositoryConfigurationDelegate [ |  | ] - Bootstrapping Spring Data MongoDB repositories in DEFAULT mode.
25-04-22 15:46:19.195 [main] INFO  o.s.d.r.c.RepositoryConfigurationDelegate [ |  | ] - Finished Spring Data repository scanning in 2 ms. Found 0 MongoDB repository interfaces.
25-04-22 15:46:19.682 [main] INFO  o.s.b.w.e.tomcat.TomcatWebServer [ |  | ] - Tomcat initialized with port 8080 (http)
25-04-22 15:46:19.684 [main] INFO  o.a.c.core.AprLifecycleListener [ |  | ] - Loaded Apache Tomcat Native library [2.0.8] using APR version [1.7.4].
25-04-22 15:46:19.687 [main] INFO  o.a.c.core.AprLifecycleListener [ |  | ] - OpenSSL successfully initialized [OpenSSL 3.0.14 4 Jun 2024]
25-04-22 15:46:19.694 [main] INFO  o.a.coyote.http11.Http11NioProtocol [ |  | ] - Initializing ProtocolHandler ["http-nio-8080"]
25-04-22 15:46:19.695 [main] INFO  o.a.catalina.core.StandardService [ |  | ] - Starting service [Tomcat]
25-04-22 15:46:19.695 [main] INFO  o.a.catalina.core.StandardEngine [ |  | ] - Starting Servlet engine: [Apache Tomcat/10.1.39]
25-04-22 15:46:19.748 [main] INFO  o.a.c.c.C.[Tomcat].[localhost].[/] [ |  | ] - Initializing Spring embedded WebApplicationContext
25-04-22 15:46:19.749 [main] INFO  o.s.b.w.s.c.ServletWebServerApplicationContext [ |  | ] - Root WebApplicationContext: initialization completed in 1375 ms
25-04-22 15:46:19.953 [main] INFO  com.zaxxer.hikari.HikariDataSource [ |  | ] - HikariPool-1 - Starting...
25-04-22 15:46:20.114 [main] INFO  com.zaxxer.hikari.pool.HikariPool [ |  | ] - HikariPool-1 - Added connection conn0: url=jdbc:h2:mem:309b4252-8e95-411c-95ad-9e6a96fc85e2 user=SA
25-04-22 15:46:20.116 [main] INFO  com.zaxxer.hikari.HikariDataSource [ |  | ] - HikariPool-1 - Start completed.
25-04-22 15:46:20.146 [main] INFO  p6spy [ |  | ] - #1745304380146 | took 8ms | statement | connection 2| url jdbc:h2:mem:309b4252-8e95-411c-95ad-9e6a96fc85e2
CREATE TABLE BATCH_JOB_INSTANCE ( JOB_INSTANCE_ID BIGINT GENERATED BY DEFAULT AS IDENTITY PRIMARY KEY , VERSION BIGINT , JOB_NAME VARCHAR(100) NOT NULL, JOB_KEY VARCHAR(32) NOT NULL, constraint JOB_INST_UN unique (JOB_NAME, JOB_KEY) ) 
CREATE TABLE BATCH_JOB_INSTANCE ( JOB_INSTANCE_ID BIGINT GENERATED BY DEFAULT AS IDENTITY PRIMARY KEY , VERSION BIGINT , JOB_NAME VARCHAR(100) NOT NULL, JOB_KEY VARCHAR(32) NOT NULL, constraint JOB_INST_UN unique (JOB_NAME, JOB_KEY) ) ;
25-04-22 15:46:20.157 [main] INFO  p6spy [ |  | ] - #1745304380157 | took 10ms | statement | connection 2| url jdbc:h2:mem:309b4252-8e95-411c-95ad-9e6a96fc85e2
CREATE TABLE BATCH_JOB_EXECUTION ( JOB_EXECUTION_ID BIGINT GENERATED BY DEFAULT AS IDENTITY PRIMARY KEY , VERSION BIGINT , JOB_INSTANCE_ID BIGINT NOT NULL, CREATE_TIME TIMESTAMP(9) NOT NULL, START_TIME TIMESTAMP(9) DEFAULT NULL , END_TIME TIMESTAMP(9) DEFAULT NULL , STATUS VARCHAR(10) , EXIT_CODE VARCHAR(2500) , EXIT_MESSAGE VARCHAR(2500) , LAST_UPDATED TIMESTAMP(9), constraint JOB_INST_EXEC_FK foreign key (JOB_INSTANCE_ID) references BATCH_JOB_INSTANCE(JOB_INSTANCE_ID) ) 
CREATE TABLE BATCH_JOB_EXECUTION ( JOB_EXECUTION_ID BIGINT GENERATED BY DEFAULT AS IDENTITY PRIMARY KEY , VERSION BIGINT , JOB_INSTANCE_ID BIGINT NOT NULL, CREATE_TIME TIMESTAMP(9) NOT NULL, START_TIME TIMESTAMP(9) DEFAULT NULL , END_TIME TIMESTAMP(9) DEFAULT NULL , STATUS VARCHAR(10) , EXIT_CODE VARCHAR(2500) , EXIT_MESSAGE VARCHAR(2500) , LAST_UPDATED TIMESTAMP(9), constraint JOB_INST_EXEC_FK foreign key (JOB_INSTANCE_ID) references BATCH_JOB_INSTANCE(JOB_INSTANCE_ID) ) ;
25-04-22 15:46:20.159 [main] INFO  p6spy [ |  | ] - #1745304380159 | took 1ms | statement | connection 2| url jdbc:h2:mem:309b4252-8e95-411c-95ad-9e6a96fc85e2
CREATE TABLE BATCH_JOB_EXECUTION_PARAMS ( JOB_EXECUTION_ID BIGINT NOT NULL , PARAMETER_NAME VARCHAR(100) NOT NULL , PARAMETER_TYPE VARCHAR(100) NOT NULL , PARAMETER_VALUE VARCHAR(2500) , IDENTIFYING CHAR(1) NOT NULL , constraint JOB_EXEC_PARAMS_FK foreign key (JOB_EXECUTION_ID) references BATCH_JOB_EXECUTION(JOB_EXECUTION_ID) ) 
CREATE TABLE BATCH_JOB_EXECUTION_PARAMS ( JOB_EXECUTION_ID BIGINT NOT NULL , PARAMETER_NAME VARCHAR(100) NOT NULL , PARAMETER_TYPE VARCHAR(100) NOT NULL , PARAMETER_VALUE VARCHAR(2500) , IDENTIFYING CHAR(1) NOT NULL , constraint JOB_EXEC_PARAMS_FK foreign key (JOB_EXECUTION_ID) references BATCH_JOB_EXECUTION(JOB_EXECUTION_ID) ) ;
25-04-22 15:46:20.161 [main] INFO  p6spy [ |  | ] - #1745304380161 | took 1ms | statement | connection 2| url jdbc:h2:mem:309b4252-8e95-411c-95ad-9e6a96fc85e2
CREATE TABLE BATCH_STEP_EXECUTION ( STEP_EXECUTION_ID BIGINT GENERATED BY DEFAULT AS IDENTITY PRIMARY KEY , VERSION BIGINT NOT NULL, STEP_NAME VARCHAR(100) NOT NULL, JOB_EXECUTION_ID BIGINT NOT NULL, CREATE_TIME TIMESTAMP(9) NOT NULL, START_TIME TIMESTAMP(9) DEFAULT NULL , END_TIME TIMESTAMP(9) DEFAULT NULL , STATUS VARCHAR(10) , COMMIT_COUNT BIGINT , READ_COUNT BIGINT , FILTER_COUNT BIGINT , WRITE_COUNT BIGINT , READ_SKIP_COUNT BIGINT , WRITE_SKIP_COUNT BIGINT , PROCESS_SKIP_COUNT BIGINT , ROLLBACK_COUNT BIGINT , EXIT_CODE VARCHAR(2500) , EXIT_MESSAGE VARCHAR(2500) , LAST_UPDATED TIMESTAMP(9), constraint JOB_EXEC_STEP_FK foreign key (JOB_EXECUTION_ID) references BATCH_JOB_EXECUTION(JOB_EXECUTION_ID) ) 
CREATE TABLE BATCH_STEP_EXECUTION ( STEP_EXECUTION_ID BIGINT GENERATED BY DEFAULT AS IDENTITY PRIMARY KEY , VERSION BIGINT NOT NULL, STEP_NAME VARCHAR(100) NOT NULL, JOB_EXECUTION_ID BIGINT NOT NULL, CREATE_TIME TIMESTAMP(9) NOT NULL, START_TIME TIMESTAMP(9) DEFAULT NULL , END_TIME TIMESTAMP(9) DEFAULT NULL , STATUS VARCHAR(10) , COMMIT_COUNT BIGINT , READ_COUNT BIGINT , FILTER_COUNT BIGINT , WRITE_COUNT BIGINT , READ_SKIP_COUNT BIGINT , WRITE_SKIP_COUNT BIGINT , PROCESS_SKIP_COUNT BIGINT , ROLLBACK_COUNT BIGINT , EXIT_CODE VARCHAR(2500) , EXIT_MESSAGE VARCHAR(2500) , LAST_UPDATED TIMESTAMP(9), constraint JOB_EXEC_STEP_FK foreign key (JOB_EXECUTION_ID) references BATCH_JOB_EXECUTION(JOB_EXECUTION_ID) ) ;
25-04-22 15:46:20.162 [main] INFO  p6spy [ |  | ] - #1745304380162 | took 1ms | statement | connection 2| url jdbc:h2:mem:309b4252-8e95-411c-95ad-9e6a96fc85e2
CREATE TABLE BATCH_STEP_EXECUTION_CONTEXT ( STEP_EXECUTION_ID BIGINT NOT NULL PRIMARY KEY, SHORT_CONTEXT VARCHAR(2500) NOT NULL, SERIALIZED_CONTEXT LONGVARCHAR , constraint STEP_EXEC_CTX_FK foreign key (STEP_EXECUTION_ID) references BATCH_STEP_EXECUTION(STEP_EXECUTION_ID) ) 
CREATE TABLE BATCH_STEP_EXECUTION_CONTEXT ( STEP_EXECUTION_ID BIGINT NOT NULL PRIMARY KEY, SHORT_CONTEXT VARCHAR(2500) NOT NULL, SERIALIZED_CONTEXT LONGVARCHAR , constraint STEP_EXEC_CTX_FK foreign key (STEP_EXECUTION_ID) references BATCH_STEP_EXECUTION(STEP_EXECUTION_ID) ) ;
25-04-22 15:46:20.164 [main] INFO  p6spy [ |  | ] - #1745304380164 | took 1ms | statement | connection 2| url jdbc:h2:mem:309b4252-8e95-411c-95ad-9e6a96fc85e2
CREATE TABLE BATCH_JOB_EXECUTION_CONTEXT ( JOB_EXECUTION_ID BIGINT NOT NULL PRIMARY KEY, SHORT_CONTEXT VARCHAR(2500) NOT NULL, SERIALIZED_CONTEXT LONGVARCHAR , constraint JOB_EXEC_CTX_FK foreign key (JOB_EXECUTION_ID) references BATCH_JOB_EXECUTION(JOB_EXECUTION_ID) ) 
CREATE TABLE BATCH_JOB_EXECUTION_CONTEXT ( JOB_EXECUTION_ID BIGINT NOT NULL PRIMARY KEY, SHORT_CONTEXT VARCHAR(2500) NOT NULL, SERIALIZED_CONTEXT LONGVARCHAR , constraint JOB_EXEC_CTX_FK foreign key (JOB_EXECUTION_ID) references BATCH_JOB_EXECUTION(JOB_EXECUTION_ID) ) ;
25-04-22 15:46:20.164 [main] INFO  p6spy [ |  | ] - #1745304380164 | took 0ms | statement | connection 2| url jdbc:h2:mem:309b4252-8e95-411c-95ad-9e6a96fc85e2
CREATE SEQUENCE BATCH_STEP_EXECUTION_SEQ
CREATE SEQUENCE BATCH_STEP_EXECUTION_SEQ;
25-04-22 15:46:20.164 [main] INFO  p6spy [ |  | ] - #1745304380164 | took 0ms | statement | connection 2| url jdbc:h2:mem:309b4252-8e95-411c-95ad-9e6a96fc85e2
CREATE SEQUENCE BATCH_JOB_EXECUTION_SEQ
CREATE SEQUENCE BATCH_JOB_EXECUTION_SEQ;
25-04-22 15:46:20.164 [main] INFO  p6spy [ |  | ] - #1745304380164 | took 0ms | statement | connection 2| url jdbc:h2:mem:309b4252-8e95-411c-95ad-9e6a96fc85e2
CREATE SEQUENCE BATCH_JOB_SEQ
CREATE SEQUENCE BATCH_JOB_SEQ;
25-04-22 15:46:20.230 [main] INFO  o.h.jpa.internal.util.LogHelper [ |  | ] - HHH000204: Processing PersistenceUnitInfo [name: default]
25-04-22 15:46:20.274 [main] INFO  org.hibernate.Version [ |  | ] - HHH000412: Hibernate ORM core version 6.6.11.Final
25-04-22 15:46:20.301 [main] INFO  o.h.c.i.RegionFactoryInitiator [ |  | ] - HHH000026: Second-level cache disabled
25-04-22 15:46:20.554 [main] INFO  o.s.o.j.p.SpringPersistenceUnitInfo [ |  | ] - No LoadTimeWeaver setup: ignoring JPA class transformer
25-04-22 15:46:20.612 [main] INFO  o.hibernate.orm.connections.pooling [ |  | ] - HHH10001005: Database info:
	Database JDBC URL [Connecting through datasource 'p6SpyDataSourceDecorator [com.p6spy.engine.spy.P6DataSource] -> dataSource [com.zaxxer.hikari.HikariDataSource]']
	Database driver: undefined/unknown
	Database version: 2.3.232
	Autocommit mode: undefined/unknown
	Isolation level: undefined/unknown
	Minimum pool size: undefined/unknown
	Maximum pool size: undefined/unknown
25-04-22 15:46:20.875 [main] INFO  o.h.e.t.j.p.i.JtaPlatformInitiator [ |  | ] - HHH000489: No JTA platform available (set 'hibernate.transaction.jta.platform' to enable JTA platform integration)
25-04-22 15:46:20.878 [main] INFO  o.s.o.j.LocalContainerEntityManagerFactoryBean [ |  | ] - Initialized JPA EntityManagerFactory for persistence unit 'default'
25-04-22 15:46:21.058 [main] INFO  o.s.b.a.w.s.WelcomePageHandlerMapping [ |  | ] - Adding welcome page: class path resource [static/index.html]
25-04-22 15:46:21.556 [cluster-ClusterId{value='68073b3d32a6950ddc7db108', description='null'}-localhost:27017] INFO  org.mongodb.driver.cluster [ |  | ] - Exception in monitor thread while connecting to server localhost:27017
com.mongodb.MongoSocketOpenException: Exception opening socket
	at com.mongodb.internal.connection.SocketStream.lambda$open$0(SocketStream.java:85)
	at java.base/java.util.Optional.orElseThrow(Optional.java:403)
	at com.mongodb.internal.connection.SocketStream.open(SocketStream.java:85)
	at com.mongodb.internal.connection.InternalStreamConnection.open(InternalStreamConnection.java:233)
	at com.mongodb.internal.connection.DefaultServerMonitor$ServerMonitor.lookupServerDescription(DefaultServerMonitor.java:219)
	at com.mongodb.internal.connection.DefaultServerMonitor$ServerMonitor.run(DefaultServerMonitor.java:176)
Caused by: java.net.ConnectException: Connection refused: no further information
	at java.base/sun.nio.ch.Net.pollConnect(Native Method)
	at java.base/sun.nio.ch.Net.pollConnectNow(Net.java:672)
	at java.base/sun.nio.ch.NioSocketImpl.timedFinishConnect(NioSocketImpl.java:547)
	at java.base/sun.nio.ch.NioSocketImpl.connect(NioSocketImpl.java:602)
	at java.base/java.net.SocksSocketImpl.connect(SocksSocketImpl.java:327)
	at java.base/java.net.Socket.connect(Socket.java:633)
	at com.mongodb.internal.connection.SocketStreamHelper.initialize(SocketStreamHelper.java:76)
	at com.mongodb.internal.connection.SocketStream.initializeSocket(SocketStream.java:104)
	at com.mongodb.internal.connection.SocketStream.open(SocketStream.java:79)
	... 3 common frames omitted
25-04-22 15:46:21.563 [main] INFO  org.mongodb.driver.client [ |  | ] - MongoClient with metadata {"driver": {"name": "mongo-java-driver|sync|spring-boot", "version": "5.2.1"}, "os": {"type": "Windows", "name": "Windows 11", "architecture": "amd64", "version": "10.0"}, "platform": "Java/Oracle Corporation/17.0.12+8-LTS-286"} created with settings MongoClientSettings{readPreference=primary, writeConcern=WriteConcern{w=null, wTimeout=null ms, journal=null}, retryWrites=true, retryReads=true, readConcern=ReadConcern{level=null}, credential=null, transportSettings=null, commandListeners=[io.micrometer.core.instrument.binder.mongodb.MongoMetricsCommandListener@163cd4a6], codecRegistry=ProvidersCodecRegistry{codecProviders=[ValueCodecProvider{}, BsonValueCodecProvider{}, DBRefCodecProvider{}, DBObjectCodecProvider{}, DocumentCodecProvider{}, CollectionCodecProvider{}, IterableCodecProvider{}, MapCodecProvider{}, GeoJsonCodecProvider{}, GridFSFileCodecProvider{}, Jsr310CodecProvider{}, JsonObjectCodecProvider{}, BsonCodecProvider{}, EnumCodecProvider{}, com.mongodb.client.model.mql.ExpressionCodecProvider@6421e9e7, com.mongodb.Jep395RecordCodecProvider@552b7481, com.mongodb.KotlinCodecProvider@475b796d]}, loggerSettings=LoggerSettings{maxDocumentLength=1000}, clusterSettings={hosts=[localhost:27017], srvServiceName=mongodb, mode=SINGLE, requiredClusterType=UNKNOWN, requiredReplicaSetName='null', serverSelector='null', clusterListeners='[]', serverSelectionTimeout='30000 ms', localThreshold='15 ms'}, socketSettings=SocketSettings{connectTimeoutMS=10000, readTimeoutMS=0, receiveBufferSize=0, proxySettings=ProxySettings{host=null, port=null, username=null, password=null}}, heartbeatSocketSettings=SocketSettings{connectTimeoutMS=10000, readTimeoutMS=10000, receiveBufferSize=0, proxySettings=ProxySettings{host=null, port=null, username=null, password=null}}, connectionPoolSettings=ConnectionPoolSettings{maxSize=100, minSize=0, maxWaitTimeMS=120000, maxConnectionLifeTimeMS=0, maxConnectionIdleTimeMS=0, maintenanceInitialDelayMS=0, maintenanceFrequencyMS=60000, connectionPoolListeners=[io.micrometer.core.instrument.binder.mongodb.MongoMetricsConnectionPoolListener@328b2c2a], maxConnecting=2}, serverSettings=ServerSettings{heartbeatFrequencyMS=10000, minHeartbeatFrequencyMS=500, serverMonitoringMode=AUTO, serverListeners='[]', serverMonitorListeners='[]'}, sslSettings=SslSettings{enabled=false, invalidHostNameAllowed=false, context=null}, applicationName='null', compressorList=[], uuidRepresentation=JAVA_LEGACY, serverApi=null, autoEncryptionSettings=null, dnsClient=null, inetAddressResolver=null, contextProvider=null, timeoutMS=null}
25-04-22 15:46:22.045 [main] INFO  o.s.b.a.e.web.EndpointLinksResolver [ |  | ] - Exposing 1 endpoint beneath base path '/actuator'
25-04-22 15:46:22.094 [main] INFO  o.a.coyote.http11.Http11NioProtocol [ |  | ] - Starting ProtocolHandler ["http-nio-8080"]
25-04-22 15:46:22.107 [main] INFO  o.s.b.w.e.tomcat.TomcatWebServer [ |  | ] - Tomcat started on port 8080 (http) with context path '/'
25-04-22 15:46:22.120 [main] INFO  c.s.p.s.Sb01MonewTeam6Application [ |  | ] - Started Sb01MonewTeam6Application in 4.288 seconds (process running for 4.764)
25-04-22 15:46:22.126 [main] INFO  o.s.b.a.b.JobLauncherApplicationRunner [ |  | ] - Running default command line with: []
25-04-22 15:46:22.397 [RMI TCP Connection(2)-222.96.116.192] INFO  o.a.c.c.C.[Tomcat].[localhost].[/] [ |  | ] - Initializing Spring DispatcherServlet 'dispatcherServlet'
25-04-22 15:46:22.397 [RMI TCP Connection(2)-222.96.116.192] INFO  o.s.web.servlet.DispatcherServlet [ |  | ] - Initializing Servlet 'dispatcherServlet'
25-04-22 15:46:22.399 [RMI TCP Connection(2)-222.96.116.192] INFO  o.s.web.servlet.DispatcherServlet [ |  | ] - Completed initialization in 2 ms
25-04-22 15:46:22.453 [RMI TCP Connection(4)-222.96.116.192] INFO  org.mongodb.driver.cluster [ |  | ] - Waiting for server to become available for operation with ID 3. Remaining time: 29995 ms. Selector: ReadPreferenceServerSelector{readPreference=primary}, topology description: {type=UNKNOWN, servers=[{address=localhost:27017, type=UNKNOWN, state=CONNECTING, exception={com.mongodb.MongoSocketOpenException: Exception opening socket}, caused by {java.net.ConnectException: Connection refused: no further information}}].
25-04-22 15:46:52.449 [RMI TCP Connection(4)-222.96.116.192] WARN  o.s.b.a.d.mongo.MongoHealthIndicator [ |  | ] - MongoDB health check failed
org.springframework.dao.DataAccessResourceFailureException: Timed out while waiting for a server that matches ReadPreferenceServerSelector{readPreference=primary}. Client view of cluster state is {type=UNKNOWN, servers=[{address=localhost:27017, type=UNKNOWN, state=CONNECTING, exception={com.mongodb.MongoSocketOpenException: Exception opening socket}, caused by {java.net.ConnectException: Connection refused: no further information}}]
	at org.springframework.data.mongodb.core.MongoExceptionTranslator.doTranslateException(MongoExceptionTranslator.java:97)
	at org.springframework.data.mongodb.core.MongoExceptionTranslator.translateExceptionIfPossible(MongoExceptionTranslator.java:74)
	at org.springframework.data.mongodb.core.MongoTemplate.potentiallyConvertRuntimeException(MongoTemplate.java:3017)
	at org.springframework.data.mongodb.core.MongoTemplate.execute(MongoTemplate.java:584)
	at org.springframework.data.mongodb.core.MongoTemplate.executeCommand(MongoTemplate.java:516)
	at org.springframework.boot.actuate.data.mongo.MongoHealthIndicator.doHealthCheck(MongoHealthIndicator.java:46)
	at org.springframework.boot.actuate.health.AbstractHealthIndicator.health(AbstractHealthIndicator.java:82)
	at org.springframework.boot.actuate.health.HealthIndicator.getHealth(HealthIndicator.java:37)
	at org.springframework.boot.actuate.health.HealthEndpoint.getHealth(HealthEndpoint.java:82)
	at org.springframework.boot.actuate.health.HealthEndpoint.getHealth(HealthEndpoint.java:41)
	at org.springframework.boot.actuate.health.HealthEndpointSupport.getLoggedHealth(HealthEndpointSupport.java:172)
	at org.springframework.boot.actuate.health.HealthEndpointSupport.getContribution(HealthEndpointSupport.java:145)
	at org.springframework.boot.actuate.health.HealthEndpointSupport.getAggregateContribution(HealthEndpointSupport.java:156)
	at org.springframework.boot.actuate.health.HealthEndpointSupport.getContribution(HealthEndpointSupport.java:141)
	at org.springframework.boot.actuate.health.HealthEndpointSupport.getHealth(HealthEndpointSupport.java:110)
	at org.springframework.boot.actuate.health.HealthEndpointSupport.getHealth(HealthEndpointSupport.java:81)
	at org.springframework.boot.actuate.health.HealthEndpoint.health(HealthEndpoint.java:76)
	at org.springframework.boot.actuate.health.HealthEndpoint.health(HealthEndpoint.java:66)
	at java.base/jdk.internal.reflect.NativeMethodAccessorImpl.invoke0(Native Method)
	at java.base/jdk.internal.reflect.NativeMethodAccessorImpl.invoke(NativeMethodAccessorImpl.java:77)
	at java.base/jdk.internal.reflect.DelegatingMethodAccessorImpl.invoke(DelegatingMethodAccessorImpl.java:43)
	at java.base/java.lang.reflect.Method.invoke(Method.java:568)
	at org.springframework.util.ReflectionUtils.invokeMethod(ReflectionUtils.java:281)
	at org.springframework.boot.actuate.endpoint.invoke.reflect.ReflectiveOperationInvoker.invoke(ReflectiveOperationInvoker.java:74)
	at org.springframework.boot.actuate.endpoint.annotation.AbstractDiscoveredOperation.invoke(AbstractDiscoveredOperation.java:60)
	at org.springframework.boot.actuate.endpoint.jmx.EndpointMBean.invoke(EndpointMBean.java:124)
	at org.springframework.boot.actuate.endpoint.jmx.EndpointMBean.invoke(EndpointMBean.java:97)
	at java.management/com.sun.jmx.interceptor.DefaultMBeanServerInterceptor.invoke(DefaultMBeanServerInterceptor.java:814)
	at java.management/com.sun.jmx.mbeanserver.JmxMBeanServer.invoke(JmxMBeanServer.java:802)
	at java.management.rmi/javax.management.remote.rmi.RMIConnectionImpl.doOperation(RMIConnectionImpl.java:1472)
	at java.management.rmi/javax.management.remote.rmi.RMIConnectionImpl$PrivilegedOperation.run(RMIConnectionImpl.java:1310)
	at java.management.rmi/javax.management.remote.rmi.RMIConnectionImpl.doPrivilegedOperation(RMIConnectionImpl.java:1405)
	at java.management.rmi/javax.management.remote.rmi.RMIConnectionImpl.invoke(RMIConnectionImpl.java:829)
	at java.base/jdk.internal.reflect.GeneratedMethodAccessor26.invoke(Unknown Source)
	at java.base/jdk.internal.reflect.DelegatingMethodAccessorImpl.invoke(DelegatingMethodAccessorImpl.java:43)
	at java.base/java.lang.reflect.Method.invoke(Method.java:568)
	at java.rmi/sun.rmi.server.UnicastServerRef.dispatch(UnicastServerRef.java:360)
	at java.rmi/sun.rmi.transport.Transport$1.run(Transport.java:200)
	at java.rmi/sun.rmi.transport.Transport$1.run(Transport.java:197)
	at java.base/java.security.AccessController.doPrivileged(AccessController.java:712)
	at java.rmi/sun.rmi.transport.Transport.serviceCall(Transport.java:196)
	at java.rmi/sun.rmi.transport.tcp.TCPTransport.handleMessages(TCPTransport.java:587)
	at java.rmi/sun.rmi.transport.tcp.TCPTransport$ConnectionHandler.run0(TCPTransport.java:828)
	at java.rmi/sun.rmi.transport.tcp.TCPTransport$ConnectionHandler.lambda$run$0(TCPTransport.java:705)
	at java.base/java.security.AccessController.doPrivileged(AccessController.java:399)
	at java.rmi/sun.rmi.transport.tcp.TCPTransport$ConnectionHandler.run(TCPTransport.java:704)
	at java.base/java.util.concurrent.ThreadPoolExecutor.runWorker(ThreadPoolExecutor.java:1136)
	at java.base/java.util.concurrent.ThreadPoolExecutor$Worker.run(ThreadPoolExecutor.java:635)
	at java.base/java.lang.Thread.run(Thread.java:842)
Caused by: com.mongodb.MongoTimeoutException: Timed out while waiting for a server that matches ReadPreferenceServerSelector{readPreference=primary}. Client view of cluster state is {type=UNKNOWN, servers=[{address=localhost:27017, type=UNKNOWN, state=CONNECTING, exception={com.mongodb.MongoSocketOpenException: Exception opening socket}, caused by {java.net.ConnectException: Connection refused: no further information}}]
	at com.mongodb.internal.connection.BaseCluster.logAndThrowTimeoutException(BaseCluster.java:427)
	at com.mongodb.internal.connection.BaseCluster.lambda$selectServer$0(BaseCluster.java:154)
	at com.mongodb.internal.time.Timeout.lambda$onExistsAndExpired$16(Timeout.java:236)
	at com.mongodb.internal.time.Timeout.lambda$run$10(Timeout.java:201)
	at com.mongodb.internal.time.TimePoint.checkedCall(TimePoint.java:98)
	at com.mongodb.internal.time.Timeout.call(Timeout.java:174)
	at com.mongodb.internal.time.Timeout.run(Timeout.java:194)
	at com.mongodb.internal.time.Timeout.onExistsAndExpired(Timeout.java:233)
	at com.mongodb.internal.time.Timeout.onExpired(Timeout.java:226)
	at com.mongodb.internal.connection.BaseCluster.selectServer(BaseCluster.java:153)
	at com.mongodb.internal.connection.SingleServerCluster.selectServer(SingleServerCluster.java:47)
	at com.mongodb.internal.binding.ClusterBinding.getReadConnectionSource(ClusterBinding.java:82)
	at com.mongodb.client.internal.ClientSessionBinding.getConnectionSource(ClientSessionBinding.java:108)
	at com.mongodb.client.internal.ClientSessionBinding.getReadConnectionSource(ClientSessionBinding.java:88)
	at com.mongodb.internal.operation.SyncOperationHelper.withSuppliedResource(SyncOperationHelper.java:148)
	at com.mongodb.internal.operation.SyncOperationHelper.withSourceAndConnection(SyncOperationHelper.java:129)
	at com.mongodb.internal.operation.SyncOperationHelper.lambda$executeRetryableRead$4(SyncOperationHelper.java:195)
	at com.mongodb.internal.operation.SyncOperationHelper.lambda$decorateReadWithRetries$13(SyncOperationHelper.java:317)
	at com.mongodb.internal.async.function.RetryingSyncSupplier.get(RetryingSyncSupplier.java:67)
	at com.mongodb.internal.operation.SyncOperationHelper.executeRetryableRead(SyncOperationHelper.java:201)
	at com.mongodb.internal.operation.SyncOperationHelper.executeRetryableRead(SyncOperationHelper.java:180)
	at com.mongodb.internal.operation.CommandReadOperation.execute(CommandReadOperation.java:52)
	at com.mongodb.client.internal.MongoClusterImpl$OperationExecutorImpl.execute(MongoClusterImpl.java:358)
	at com.mongodb.client.internal.MongoDatabaseImpl.executeCommand(MongoDatabaseImpl.java:215)
	at com.mongodb.client.internal.MongoDatabaseImpl.runCommand(MongoDatabaseImpl.java:184)
	at com.mongodb.client.internal.MongoDatabaseImpl.runCommand(MongoDatabaseImpl.java:179)
	at org.springframework.data.mongodb.core.MongoTemplate.lambda$executeCommand$3(MongoTemplate.java:516)
	at org.springframework.data.mongodb.core.MongoTemplate.execute(MongoTemplate.java:582)
	... 45 common frames omitted
25-04-22 15:46:52.455 [RMI TCP Connection(4)-222.96.116.192] WARN  o.s.b.a.health.HealthEndpointSupport [ |  | ] - Health contributor org.springframework.boot.actuate.data.mongo.MongoHealthIndicator (mongo) took 30028ms to respond
25-04-22 16:41:49.337 [background-preinit] INFO  o.h.validator.internal.util.Version [ |  | ] - HV000001: Hibernate Validator 8.0.2.Final
25-04-22 16:41:49.430 [Test worker] INFO  c.s.p.s.TestControllerTest [ |  | ] - Starting TestControllerTest v0.0.1 using Java 17.0.12 with PID 28940 (started by tjf78 in C:\Users\tjf78\Github\sb01-monew-team6)
25-04-22 16:41:49.431 [Test worker] INFO  c.s.p.s.TestControllerTest [ |  | ] - The following 1 profile is active: "dev"
25-04-22 16:41:50.760 [Test worker] INFO  o.s.b.a.w.s.WelcomePageHandlerMapping [ |  | ] - Adding welcome page: class path resource [static/index.html]
25-04-22 16:41:51.402 [Test worker] INFO  o.s.b.t.m.w.SpringBootMockServletContext [ |  | ] - Initializing Spring TestDispatcherServlet ''
25-04-22 16:41:51.402 [Test worker] INFO  o.s.t.w.s.TestDispatcherServlet [ |  | ] - Initializing Servlet ''
25-04-22 16:41:51.407 [Test worker] INFO  o.s.t.w.s.TestDispatcherServlet [ |  | ] - Completed initialization in 2 ms
25-04-22 16:41:51.466 [Test worker] INFO  c.s.p.s.TestControllerTest [ |  | ] - Started TestControllerTest in 2.854 seconds (process running for 5.483)
25-04-22 19:34:41.497 [SpringApplicationShutdownHook] INFO  o.s.b.w.e.tomcat.GracefulShutdown [ |  | ] - Commencing graceful shutdown. Waiting for active requests to complete
25-04-22 19:34:41.682 [tomcat-shutdown] INFO  o.s.b.w.e.tomcat.GracefulShutdown [ |  | ] - Graceful shutdown complete
25-04-22 19:34:41.698 [SpringApplicationShutdownHook] INFO  o.s.o.j.LocalContainerEntityManagerFactoryBean [ |  | ] - Closing JPA EntityManagerFactory for persistence unit 'default'
25-04-22 19:34:41.703 [SpringApplicationShutdownHook] INFO  com.zaxxer.hikari.HikariDataSource [ |  | ] - HikariPool-1 - Shutdown initiated...
25-04-22 19:34:41.706 [SpringApplicationShutdownHook] INFO  com.zaxxer.hikari.HikariDataSource [ |  | ] - HikariPool-1 - Shutdown completed.
